
Nov 05, 2017 19:51:46.07 NEW SESSION
Nov 05, 2017 19:51:46.07 [11680:11718:1105/195146.077808:ERROR:browser_gpu_channel_host_factory.cc(103)] Failed to launch GPU process.
Nov 05, 2017 19:51:46.12 Created new window in existing browser session.
Nov 05, 2017 20:01:09.44 [12202:12239:1105/200109.440348:ERROR:browser_gpu_channel_host_factory.cc(103)] Failed to launch GPU process.
Nov 05, 2017 20:01:09.46 Created new window in existing browser session.
Nov 05, 2017 20:03:58.92 [12503:12540:1105/200358.921565:ERROR:browser_gpu_channel_host_factory.cc(103)] Failed to launch GPU process.
Nov 05, 2017 20:03:58.96 Created new window in existing browser session.
Nov 05, 2017 20:09:26.13 [12805:12842:1105/200926.132015:ERROR:browser_gpu_channel_host_factory.cc(103)] Failed to launch GPU process.
Nov 05, 2017 20:09:26.15 Created new window in existing browser session.
Nov 05, 2017 20:11:43.44 [13004:13041:1105/201143.442574:ERROR:browser_gpu_channel_host_factory.cc(103)] Failed to launch GPU process.
Nov 05, 2017 20:11:43.47 Created new window in existing browser session.
Nov 05, 2017 20:12:58.57 [13181:13218:1105/201258.578997:ERROR:browser_gpu_channel_host_factory.cc(103)] Failed to launch GPU process.
Nov 05, 2017 20:12:58.61 Created new window in existing browser session.
Nov 05, 2017 20:14:34.00 [13370:13407:1105/201434.001342:ERROR:browser_gpu_channel_host_factory.cc(103)] Failed to launch GPU process.
Nov 05, 2017 20:14:34.04 Created new window in existing browser session.
Nov 05, 2017 20:15:23.37 [13482:13519:1105/201523.375344:ERROR:browser_gpu_channel_host_factory.cc(103)] Failed to launch GPU process.
Nov 05, 2017 20:15:23.43 Created new window in existing browser session.
Nov 05, 2017 20:35:48.02 [13970:14008:1105/203548.028245:ERROR:browser_gpu_channel_host_factory.cc(103)] Failed to launch GPU process.
Nov 05, 2017 20:35:48.06 Created new window in existing browser session.
Nov 05, 2017 20:36:41.70 [14078:14115:1105/203641.701581:ERROR:browser_gpu_channel_host_factory.cc(103)] Failed to launch GPU process.
Nov 05, 2017 20:36:41.73 Created new window in existing browser session.
Nov 05, 2017 20:38:05.50 [14224:14262:1105/203805.502573:ERROR:browser_gpu_channel_host_factory.cc(103)] Failed to launch GPU process.
Nov 05, 2017 20:38:05.52 Created new window in existing browser session.
Nov 05, 2017 20:39:16.06 [14496:14533:1105/203916.063617:ERROR:browser_gpu_channel_host_factory.cc(103)] Failed to launch GPU process.
Nov 05, 2017 20:39:16.09 Created new window in existing browser session.

Nov 06, 2017 09:44:01.69 NEW SESSION
Nov 06, 2017 09:44:01.69 [4156:4197:1106/094401.696505:ERROR:browser_gpu_channel_host_factory.cc(103)] Failed to launch GPU process.
Nov 06, 2017 09:44:01.76 Created new window in existing browser session.
Nov 06, 2017 10:44:04.79 [5331:5368:1106/104404.791924:ERROR:browser_gpu_channel_host_factory.cc(103)] Failed to launch GPU process.
Nov 06, 2017 10:44:04.83 Created new window in existing browser session.
Nov 06, 2017 10:52:09.54 [5721:5759:1106/105209.541377:ERROR:browser_gpu_channel_host_factory.cc(103)] Failed to launch GPU process.
Nov 06, 2017 10:52:09.58 Created new window in existing browser session.
Nov 06, 2017 11:17:13.22 [6357:6394:1106/111713.228960:ERROR:browser_gpu_channel_host_factory.cc(103)] Failed to launch GPU process.
Nov 06, 2017 11:17:13.26 Created new window in existing browser session.

Nov 10, 2017 17:01:56.51 NEW SESSION
Nov 10, 2017 17:01:56.51 [12856:12894:1110/170156.513409:ERROR:browser_gpu_channel_host_factory.cc(103)] Failed to launch GPU process.
Nov 10, 2017 17:01:56.62 Created new window in existing browser session.
Nov 10, 2017 20:50:12.25 [17477:17514:1110/205012.252770:ERROR:browser_gpu_channel_host_factory.cc(103)] Failed to launch GPU process.
Nov 10, 2017 20:50:12.28 Created new window in existing browser session.

Nov 11, 2017 11:41:02.40 NEW SESSION
Nov 11, 2017 11:41:02.40 [8042:8080:1111/114102.404460:ERROR:browser_gpu_channel_host_factory.cc(103)] Failed to launch GPU process.
Nov 11, 2017 11:41:02.48 Created new window in existing browser session.
Nov 11, 2017 11:45:10.53 [8460:8497:1111/114510.537186:ERROR:browser_gpu_channel_host_factory.cc(103)] Failed to launch GPU process.
Nov 11, 2017 11:45:10.57 Created new window in existing browser session.
Nov 11, 2017 11:46:11.35 [8711:8748:1111/114611.350498:ERROR:browser_gpu_channel_host_factory.cc(103)] Failed to launch GPU process.
Nov 11, 2017 11:46:11.40 Created new window in existing browser session.
Nov 11, 2017 11:58:23.12 [9492:9529:1111/115823.127059:ERROR:browser_gpu_channel_host_factory.cc(103)] Failed to launch GPU process.
Nov 11, 2017 11:58:23.15 Created new window in existing browser session.
Nov 11, 2017 12:00:40.13 [9769:9806:1111/120040.136226:ERROR:browser_gpu_channel_host_factory.cc(103)] Failed to launch GPU process.
Nov 11, 2017 12:00:40.15 Created new window in existing browser session.
Nov 11, 2017 12:05:30.95 [10192:10229:1111/120530.953833:ERROR:browser_gpu_channel_host_factory.cc(103)] Failed to launch GPU process.
Nov 11, 2017 12:05:30.98 Created new window in existing browser session.
Nov 11, 2017 12:06:54.08 [10408:10446:1111/120654.088273:ERROR:browser_gpu_channel_host_factory.cc(103)] Failed to launch GPU process.
Nov 11, 2017 12:06:54.09 Created new window in existing browser session.
Nov 11, 2017 12:16:01.15 [10847:10884:1111/121601.159192:ERROR:browser_gpu_channel_host_factory.cc(103)] Failed to launch GPU process.
Nov 11, 2017 12:16:01.20 Created new window in existing browser session.

Nov 12, 2017 12:52:31.73 NEW SESSION
Nov 12, 2017 12:52:31.73 [5345:5383:1112/125231.731038:ERROR:browser_gpu_channel_host_factory.cc(103)] Failed to launch GPU process.
Nov 12, 2017 12:52:31.80 Created new window in existing browser session.
Nov 12, 2017 12:53:23.42 [5445:5482:1112/125323.422269:ERROR:browser_gpu_channel_host_factory.cc(103)] Failed to launch GPU process.
Nov 12, 2017 12:53:23.42 Created new window in existing browser session.
Nov 12, 2017 14:11:40.46 [6474:6513:1112/141140.469348:ERROR:browser_gpu_channel_host_factory.cc(103)] Failed to launch GPU process.
Nov 12, 2017 14:11:40.85 Created new window in existing browser session.
Nov 12, 2017 14:16:30.92 [6799:6836:1112/141630.922936:ERROR:browser_gpu_channel_host_factory.cc(103)] Failed to launch GPU process.
Nov 12, 2017 14:16:30.98 Created new window in existing browser session.
Nov 12, 2017 14:22:10.97 [7176:7214:1112/142210.972512:ERROR:browser_gpu_channel_host_factory.cc(103)] Failed to launch GPU process.
Nov 12, 2017 14:22:11.01 Created new window in existing browser session.
Nov 12, 2017 14:25:54.94 [7455:7492:1112/142554.944029:ERROR:browser_gpu_channel_host_factory.cc(103)] Failed to launch GPU process.
Nov 12, 2017 14:25:54.97 Created new window in existing browser session.
Nov 12, 2017 14:27:13.95 [7628:7666:1112/142713.956809:ERROR:browser_gpu_channel_host_factory.cc(103)] Failed to launch GPU process.
Nov 12, 2017 14:27:13.99 Created new window in existing browser session.
Nov 12, 2017 14:29:21.10 [7882:7920:1112/142921.105051:ERROR:browser_gpu_channel_host_factory.cc(103)] Failed to launch GPU process.
Nov 12, 2017 14:29:21.15 Created new window in existing browser session.
Nov 12, 2017 14:33:24.27 [8236:8273:1112/143324.275899:ERROR:browser_gpu_channel_host_factory.cc(103)] Failed to launch GPU process.
Nov 12, 2017 14:33:24.33 Created new window in existing browser session.
Nov 12, 2017 14:36:17.81 [8614:8651:1112/143617.811996:ERROR:browser_gpu_channel_host_factory.cc(103)] Failed to launch GPU process.
Nov 12, 2017 14:36:17.86 Created new window in existing browser session.
Nov 12, 2017 14:38:08.02 [8932:8969:1112/143808.025866:ERROR:browser_gpu_channel_host_factory.cc(103)] Failed to launch GPU process.
Nov 12, 2017 14:38:08.07 Created new window in existing browser session.
Nov 12, 2017 14:43:59.94 [9234:9272:1112/144359.947985:ERROR:browser_gpu_channel_host_factory.cc(103)] Failed to launch GPU process.
Nov 12, 2017 14:43:59.98 Created new window in existing browser session.
Nov 12, 2017 14:44:53.25 [9416:9453:1112/144453.256423:ERROR:browser_gpu_channel_host_factory.cc(103)] Failed to launch GPU process.
Nov 12, 2017 14:44:53.31 Created new window in existing browser session.
Nov 12, 2017 14:52:48.33 [9904:9941:1112/145248.330092:ERROR:browser_gpu_channel_host_factory.cc(103)] Failed to launch GPU process.
Nov 12, 2017 14:52:48.34 Created new window in existing browser session.
Nov 12, 2017 14:53:21.22 [10054:10091:1112/145321.220674:ERROR:browser_gpu_channel_host_factory.cc(103)] Failed to launch GPU process.
Nov 12, 2017 14:53:21.26 Created new window in existing browser session.
Nov 12, 2017 14:58:55.76 [10553:10591:1112/145855.764371:ERROR:browser_gpu_channel_host_factory.cc(103)] Failed to launch GPU process.
Nov 12, 2017 14:58:55.77 Created new window in existing browser session.
Nov 12, 2017 15:02:49.81 [10945:10982:1112/150249.810515:ERROR:browser_gpu_channel_host_factory.cc(103)] Failed to launch GPU process.
Nov 12, 2017 15:02:49.87 Created new window in existing browser session.
Nov 12, 2017 15:26:02.15 [11325:11362:1112/152602.153835:ERROR:browser_gpu_channel_host_factory.cc(103)] Failed to launch GPU process.
Nov 12, 2017 15:26:02.19 Created new window in existing browser session.

Nov 13, 2017 09:36:19.71 NEW SESSION
Nov 13, 2017 09:36:19.71 [3912:3950:1113/093619.714801:ERROR:browser_gpu_channel_host_factory.cc(103)] Failed to launch GPU process.
Nov 13, 2017 09:36:19.80 Created new window in existing browser session.
Nov 13, 2017 09:57:54.76 [4800:4837:1113/095754.761995:ERROR:browser_gpu_channel_host_factory.cc(103)] Failed to launch GPU process.
Nov 13, 2017 09:57:54.80 Created new window in existing browser session.
Nov 13, 2017 10:26:48.51 [5492:5529:1113/102648.512908:ERROR:browser_gpu_channel_host_factory.cc(103)] Failed to launch GPU process.
Nov 13, 2017 10:26:48.59 Created new window in existing browser session.
Nov 13, 2017 10:51:35.80 [6271:6308:1113/105135.804392:ERROR:browser_gpu_channel_host_factory.cc(103)] Failed to launch GPU process.
Nov 13, 2017 10:51:35.83 Created new window in existing browser session.
Nov 13, 2017 16:47:33.82 [13359:13396:1113/164733.822115:ERROR:browser_gpu_channel_host_factory.cc(103)] Failed to launch GPU process.
Nov 13, 2017 16:47:33.88 Created new window in existing browser session.
Nov 13, 2017 16:57:39.99 [13873:13910:1113/165739.993283:ERROR:browser_gpu_channel_host_factory.cc(103)] Failed to launch GPU process.
Nov 13, 2017 16:57:40.01 Created new window in existing browser session.
Nov 13, 2017 17:39:51.68 [14929:14966:1113/173951.680983:ERROR:browser_gpu_channel_host_factory.cc(103)] Failed to launch GPU process.
Nov 13, 2017 17:39:51.71 Created new window in existing browser session.
Nov 13, 2017 17:42:47.68 [15085:15123:1113/174247.683859:ERROR:browser_gpu_channel_host_factory.cc(103)] Failed to launch GPU process.
Nov 13, 2017 17:42:47.72 Created new window in existing browser session.
Nov 13, 2017 17:43:20.36 [15240:15277:1113/174320.363914:ERROR:browser_gpu_channel_host_factory.cc(103)] Failed to launch GPU process.
Nov 13, 2017 17:43:20.40 Created new window in existing browser session.
Nov 13, 2017 19:23:34.34 [18507:18545:1113/192334.348091:ERROR:browser_gpu_channel_host_factory.cc(103)] Failed to launch GPU process.
Nov 13, 2017 19:23:34.36 Created new window in existing browser session.
Nov 13, 2017 19:59:52.37 [19570:19607:1113/195952.378594:ERROR:browser_gpu_channel_host_factory.cc(103)] Failed to launch GPU process.
Nov 13, 2017 19:59:52.42 Created new window in existing browser session.
Nov 13, 2017 20:01:39.84 [19705:19743:1113/200139.846881:ERROR:browser_gpu_channel_host_factory.cc(103)] Failed to launch GPU process.
Nov 13, 2017 20:01:39.93 Created new window in existing browser session.
Nov 13, 2017 20:04:56.92 [19940:19978:1113/200456.925843:ERROR:browser_gpu_channel_host_factory.cc(103)] Failed to launch GPU process.
Nov 13, 2017 20:04:56.96 Created new window in existing browser session.
Nov 13, 2017 20:06:30.60 [20080:20118:1113/200630.608571:ERROR:browser_gpu_channel_host_factory.cc(103)] Failed to launch GPU process.
Nov 13, 2017 20:06:30.64 Created new window in existing browser session.
Nov 13, 2017 20:08:32.57 [20256:20294:1113/200832.574513:ERROR:browser_gpu_channel_host_factory.cc(103)] Failed to launch GPU process.
Nov 13, 2017 20:08:32.60 Created new window in existing browser session.
Nov 13, 2017 20:09:36.98 [20366:20404:1113/200936.983505:ERROR:browser_gpu_channel_host_factory.cc(103)] Failed to launch GPU process.
Nov 13, 2017 20:09:37.04 Created new window in existing browser session.
Nov 13, 2017 20:10:10.75 [20478:20515:1113/201010.753475:ERROR:browser_gpu_channel_host_factory.cc(103)] Failed to launch GPU process.
Nov 13, 2017 20:10:10.80 Created new window in existing browser session.
Nov 13, 2017 20:11:13.20 [20587:20625:1113/201113.203226:ERROR:browser_gpu_channel_host_factory.cc(103)] Failed to launch GPU process.
Nov 13, 2017 20:11:13.24 Created new window in existing browser session.
Nov 13, 2017 20:18:53.67 [20747:20785:1113/201853.678812:ERROR:browser_gpu_channel_host_factory.cc(103)] Failed to launch GPU process.
Nov 13, 2017 20:18:53.71 Created new window in existing browser session.
Nov 13, 2017 20:20:54.79 [20885:20923:1113/202054.798974:ERROR:browser_gpu_channel_host_factory.cc(103)] Failed to launch GPU process.
Nov 13, 2017 20:20:54.88 Created new window in existing browser session.
Nov 13, 2017 20:22:51.72 [21037:21075:1113/202251.729172:ERROR:browser_gpu_channel_host_factory.cc(103)] Failed to launch GPU process.
Nov 13, 2017 20:22:51.77 Created new window in existing browser session.
Nov 13, 2017 20:25:29.28 [21178:21216:1113/202529.283396:ERROR:browser_gpu_channel_host_factory.cc(103)] Failed to launch GPU process.
Nov 13, 2017 20:25:29.33 Created new window in existing browser session.
Nov 13, 2017 20:28:44.68 [21458:21495:1113/202844.686260:ERROR:browser_gpu_channel_host_factory.cc(103)] Failed to launch GPU process.
Nov 13, 2017 20:28:44.75 Created new window in existing browser session.
Nov 13, 2017 21:00:02.93 [22255:22293:1113/210002.936904:ERROR:browser_gpu_channel_host_factory.cc(103)] Failed to launch GPU process.
Nov 13, 2017 21:00:02.98 Created new window in existing browser session.
Nov 13, 2017 21:01:01.66 [22463:22500:1113/210101.660252:ERROR:browser_gpu_channel_host_factory.cc(103)] Failed to launch GPU process.
Nov 13, 2017 21:01:01.70 Created new window in existing browser session.
Nov 13, 2017 21:02:37.65 [22681:22718:1113/210237.659587:ERROR:browser_gpu_channel_host_factory.cc(103)] Failed to launch GPU process.
Nov 13, 2017 21:02:37.69 Created new window in existing browser session.
Nov 13, 2017 21:05:37.13 [22807:22845:1113/210537.130448:ERROR:browser_gpu_channel_host_factory.cc(103)] Failed to launch GPU process.
Nov 13, 2017 21:05:37.17 Created new window in existing browser session.
Nov 13, 2017 21:06:22.67 [22926:22963:1113/210622.672047:ERROR:browser_gpu_channel_host_factory.cc(103)] Failed to launch GPU process.
Nov 13, 2017 21:06:22.70 Created new window in existing browser session.
Nov 13, 2017 21:07:21.14 [23048:23085:1113/210721.147644:ERROR:browser_gpu_channel_host_factory.cc(103)] Failed to launch GPU process.
Nov 13, 2017 21:07:21.19 Created new window in existing browser session.
Nov 13, 2017 21:10:34.33 [23296:23333:1113/211034.333431:ERROR:browser_gpu_channel_host_factory.cc(103)] Failed to launch GPU process.
Nov 13, 2017 21:10:34.39 Created new window in existing browser session.
Nov 13, 2017 21:11:15.09 [23390:23427:1113/211115.094333:ERROR:browser_gpu_channel_host_factory.cc(103)] Failed to launch GPU process.
Nov 13, 2017 21:11:15.14 Created new window in existing browser session.
Nov 13, 2017 21:13:41.58 [23546:23584:1113/211341.586156:ERROR:browser_gpu_channel_host_factory.cc(103)] Failed to launch GPU process.
Nov 13, 2017 21:13:41.60 Created new window in existing browser session.
Nov 13, 2017 21:14:51.45 [23678:23716:1113/211451.453905:ERROR:browser_gpu_channel_host_factory.cc(103)] Failed to launch GPU process.
Nov 13, 2017 21:14:51.48 Created new window in existing browser session.
Nov 13, 2017 21:15:38.78 [23975:24012:1113/211538.787053:ERROR:browser_gpu_channel_host_factory.cc(103)] Failed to launch GPU process.
Nov 13, 2017 21:15:38.85 Created new window in existing browser session.
Nov 13, 2017 21:16:22.28 [24174:24211:1113/211622.287157:ERROR:browser_gpu_channel_host_factory.cc(103)] Failed to launch GPU process.
Nov 13, 2017 21:16:22.34 Created new window in existing browser session.
Nov 13, 2017 21:19:22.02 [24299:24337:1113/211922.029275:ERROR:browser_gpu_channel_host_factory.cc(103)] Failed to launch GPU process.
Nov 13, 2017 21:19:22.07 Created new window in existing browser session.
Nov 13, 2017 21:20:11.23 [24577:24614:1113/212011.239007:ERROR:browser_gpu_channel_host_factory.cc(103)] Failed to launch GPU process.
Nov 13, 2017 21:20:11.29 Created new window in existing browser session.

Nov 13, 2017 21:41:43.87 NEW SESSION
Nov 13, 2017 21:41:43.87 [1:21:1113/214143.877152:ERROR:adm_helpers.cc(62)] Failed to query stereo recording.
Nov 13, 2017 21:41:47.49 A Parser-blocking, cross site (i.e. different eTLD+1) script, http://contextual.media.net/nmedianet.js?cid=8CU1S63Y8, is invoked via document.write. The network request for this script MAY be blocked by the browser in this or a future page load due to poor network connectivity. If blocked in this page load, it will be confirmed in a subsequent console message.See https://www.chromestatus.com/feature/5718547946799104 for more details.
Nov 13, 2017 21:41:47.50 A Parser-blocking, cross site (i.e. different eTLD+1) script, http://contextual.media.net/nmedianet.js?cid=8CU1S63Y8, is invoked via document.write. The network request for this script MAY be blocked by the browser in this or a future page load due to poor network connectivity. If blocked in this page load, it will be confirmed in a subsequent console message.See https://www.chromestatus.com/feature/5718547946799104 for more details.
Nov 13, 2017 21:41:48.25 A Parser-blocking, cross site (i.e. different eTLD+1) script, http://contextual.media.net/fcmdynet.js?&cid=8CU1S63Y8&cpcd=--96ZT9XjMPmNOL1RWcQ3A%3D%3D&crid=880874373&size=728x90&cc=IN&vif=1&requrl=http%3A%2F%2Fjavawebtutor.com%2Farticles%2Fspring%2Fspring_example_using_maven.php&kwrf=http%3A%2F%2Fjavawebtutor.com&nse=3&vi=1510589507294579521&lw=1&ugd=4&re=1&hlt=1&dfp=1&rtbs=1, is invoked via document.write. The network request for this script MAY be blocked by the browser in this or a future page load due to poor network connectivity. If blocked in this page load, it will be confirmed in a subsequent console message.See https://www.chromestatus.com/feature/5718547946799104 for more details.
Nov 13, 2017 21:41:48.25 A Parser-blocking, cross site (i.e. different eTLD+1) script, http://contextual.media.net/fcmdynet.js?&cid=8CU1S63Y8&cpcd=--96ZT9XjMPmNOL1RWcQ3A%3D%3D&crid=880874373&size=728x90&cc=IN&vif=1&requrl=http%3A%2F%2Fjavawebtutor.com%2Farticles%2Fspring%2Fspring_example_using_maven.php&kwrf=http%3A%2F%2Fjavawebtutor.com&nse=3&vi=1510589507294579521&lw=1&ugd=4&re=1&hlt=1&dfp=1&rtbs=1, is invoked via document.write. The network request for this script MAY be blocked by the browser in this or a future page load due to poor network connectivity. If blocked in this page load, it will be confirmed in a subsequent console message.See https://www.chromestatus.com/feature/5718547946799104 for more details.
Nov 13, 2017 21:41:48.72 [1:22:1113/214148.720209:ERROR:adm_helpers.cc(62)] Failed to query stereo recording.
Nov 13, 2017 21:41:49.83 A Parser-blocking, cross site (i.e. different eTLD+1) script, http://contextual.media.net/nmedianet.js?cid=8CU1S63Y8, is invoked via document.write. The network request for this script MAY be blocked by the browser in this or a future page load due to poor network connectivity. If blocked in this page load, it will be confirmed in a subsequent console message.See https://www.chromestatus.com/feature/5718547946799104 for more details.
Nov 13, 2017 21:41:49.83 A Parser-blocking, cross site (i.e. different eTLD+1) script, http://contextual.media.net/nmedianet.js?cid=8CU1S63Y8, is invoked via document.write. The network request for this script MAY be blocked by the browser in this or a future page load due to poor network connectivity. If blocked in this page load, it will be confirmed in a subsequent console message.See https://www.chromestatus.com/feature/5718547946799104 for more details.
Nov 13, 2017 21:41:49.85 A Parser-blocking, cross site (i.e. different eTLD+1) script, http://contextual.media.net/fcmdynet.js?&cid=8CU1S63Y8&cpcd=--96ZT9XjMPmNOL1RWcQ3A%3D%3D&crid=872282154&size=336x280&cc=IN&vif=1&requrl=http%3A%2F%2Fjavawebtutor.com%2Farticles%2Fspring%2Fspring_example_using_maven.php&kwrf=http%3A%2F%2Fjavawebtutor.com&nse=3&vi=1510589507500492444&lw=1&ugd=4&re=1, is invoked via document.write. The network request for this script MAY be blocked by the browser in this or a future page load due to poor network connectivity. If blocked in this page load, it will be confirmed in a subsequent console message.See https://www.chromestatus.com/feature/5718547946799104 for more details.
Nov 13, 2017 21:41:49.85 A Parser-blocking, cross site (i.e. different eTLD+1) script, http://contextual.media.net/fcmdynet.js?&cid=8CU1S63Y8&cpcd=--96ZT9XjMPmNOL1RWcQ3A%3D%3D&crid=872282154&size=336x280&cc=IN&vif=1&requrl=http%3A%2F%2Fjavawebtutor.com%2Farticles%2Fspring%2Fspring_example_using_maven.php&kwrf=http%3A%2F%2Fjavawebtutor.com&nse=3&vi=1510589507500492444&lw=1&ugd=4&re=1, is invoked via document.write. The network request for this script MAY be blocked by the browser in this or a future page load due to poor network connectivity. If blocked in this page load, it will be confirmed in a subsequent console message.See https://www.chromestatus.com/feature/5718547946799104 for more details.
Nov 13, 2017 21:41:50.22 A Parser-blocking, cross site (i.e. different eTLD+1) script, http://contextual.media.net/nmedianet.js?cid=8CU1S63Y8, is invoked via document.write. The network request for this script MAY be blocked by the browser in this or a future page load due to poor network connectivity. If blocked in this page load, it will be confirmed in a subsequent console message.See https://www.chromestatus.com/feature/5718547946799104 for more details.
Nov 13, 2017 21:41:50.22 A Parser-blocking, cross site (i.e. different eTLD+1) script, http://contextual.media.net/nmedianet.js?cid=8CU1S63Y8, is invoked via document.write. The network request for this script MAY be blocked by the browser in this or a future page load due to poor network connectivity. If blocked in this page load, it will be confirmed in a subsequent console message.See https://www.chromestatus.com/feature/5718547946799104 for more details.
Nov 13, 2017 21:41:50.22 A Parser-blocking, cross site (i.e. different eTLD+1) script, http://contextual.media.net/fcmdynet.js?&cid=8CU1S63Y8&cpcd=--96ZT9XjMPmNOL1RWcQ3A%3D%3D&crid=145171865&size=300x250&cc=IN&vif=1&requrl=http%3A%2F%2Fjavawebtutor.com%2Farticles%2Fspring%2Fspring_example_using_maven.php&kwrf=http%3A%2F%2Fjavawebtutor.com&nse=3&vi=1510589507469229011&lw=1&ugd=4&re=1&hlt=1&dfp=1&rtbs=1, is invoked via document.write. The network request for this script MAY be blocked by the browser in this or a future page load due to poor network connectivity. If blocked in this page load, it will be confirmed in a subsequent console message.See https://www.chromestatus.com/feature/5718547946799104 for more details.
Nov 13, 2017 21:41:50.22 A Parser-blocking, cross site (i.e. different eTLD+1) script, http://contextual.media.net/fcmdynet.js?&cid=8CU1S63Y8&cpcd=--96ZT9XjMPmNOL1RWcQ3A%3D%3D&crid=145171865&size=300x250&cc=IN&vif=1&requrl=http%3A%2F%2Fjavawebtutor.com%2Farticles%2Fspring%2Fspring_example_using_maven.php&kwrf=http%3A%2F%2Fjavawebtutor.com&nse=3&vi=1510589507469229011&lw=1&ugd=4&re=1&hlt=1&dfp=1&rtbs=1, is invoked via document.write. The network request for this script MAY be blocked by the browser in this or a future page load due to poor network connectivity. If blocked in this page load, it will be confirmed in a subsequent console message.See https://www.chromestatus.com/feature/5718547946799104 for more details.
Nov 13, 2017 21:41:54.56 A Parser-blocking, cross site (i.e. different eTLD+1) script, http://contextual.media.net/fcmdynet.js?&cid=8CUR263K7&cpcd=T0vu7vB2DcZ9k6ALlnTTUQ%3D%3D&crid=772547524&size=728x90&cc=IN&vif=1&requrl=http%3A%2F%2Fwww.thejavageek.com%2F2013%2F11%2F20%2Ffilter-order-servlets%2F&kwrf=http%3A%2F%2Fwww.google.co.in&nse=3&vi=1510589514639050117&lw=1&ugd=4&re=1&hlt=1&dfp=1&rtbs=1, is invoked via document.write. The network request for this script MAY be blocked by the browser in this or a future page load due to poor network connectivity. If blocked in this page load, it will be confirmed in a subsequent console message.See https://www.chromestatus.com/feature/5718547946799104 for more details.
Nov 13, 2017 21:41:54.56 A Parser-blocking, cross site (i.e. different eTLD+1) script, http://contextual.media.net/fcmdynet.js?&cid=8CUR263K7&cpcd=T0vu7vB2DcZ9k6ALlnTTUQ%3D%3D&crid=772547524&size=728x90&cc=IN&vif=1&requrl=http%3A%2F%2Fwww.thejavageek.com%2F2013%2F11%2F20%2Ffilter-order-servlets%2F&kwrf=http%3A%2F%2Fwww.google.co.in&nse=3&vi=1510589514639050117&lw=1&ugd=4&re=1&hlt=1&dfp=1&rtbs=1, is invoked via document.write. The network request for this script MAY be blocked by the browser in this or a future page load due to poor network connectivity. If blocked in this page load, it will be confirmed in a subsequent console message.See https://www.chromestatus.com/feature/5718547946799104 for more details.
Nov 13, 2017 21:41:54.83 [1:19:1113/214154.834414:ERROR:adm_helpers.cc(62)] Failed to query stereo recording.
Nov 13, 2017 21:41:56.14 A Parser-blocking, cross site (i.e. different eTLD+1) script, http://contextual.media.net/fcmdynet.js?&cid=8CUR263K7&cpcd=T0vu7vB2DcZ9k6ALlnTTUQ%3D%3D&crid=245864901&size=160x600&cc=IN&vif=1&requrl=http%3A%2F%2Fwww.thejavageek.com%2F2013%2F11%2F20%2Ffilter-order-servlets%2F&kwrf=http%3A%2F%2Fwww.google.co.in&nse=3&vi=1510589514656190405&lw=1&ugd=4&re=1&hlt=1&dfp=1&rtbs=1, is invoked via document.write. The network request for this script MAY be blocked by the browser in this or a future page load due to poor network connectivity. If blocked in this page load, it will be confirmed in a subsequent console message.See https://www.chromestatus.com/feature/5718547946799104 for more details.
Nov 13, 2017 21:41:56.14 A Parser-blocking, cross site (i.e. different eTLD+1) script, http://contextual.media.net/fcmdynet.js?&cid=8CUR263K7&cpcd=T0vu7vB2DcZ9k6ALlnTTUQ%3D%3D&crid=245864901&size=160x600&cc=IN&vif=1&requrl=http%3A%2F%2Fwww.thejavageek.com%2F2013%2F11%2F20%2Ffilter-order-servlets%2F&kwrf=http%3A%2F%2Fwww.google.co.in&nse=3&vi=1510589514656190405&lw=1&ugd=4&re=1&hlt=1&dfp=1&rtbs=1, is invoked via document.write. The network request for this script MAY be blocked by the browser in this or a future page load due to poor network connectivity. If blocked in this page load, it will be confirmed in a subsequent console message.See https://www.chromestatus.com/feature/5718547946799104 for more details.
Nov 13, 2017 21:41:56.53 A Parser-blocking, cross site (i.e. different eTLD+1) script, http://contextual.media.net/fcmdynet.js?&cid=8CUR263K7&cpcd=T0vu7vB2DcZ9k6ALlnTTUQ%3D%3D&crid=531573855&size=300x600&cc=IN&vif=1&requrl=http%3A%2F%2Fwww.thejavageek.com%2F2013%2F11%2F20%2Ffilter-order-servlets%2F&kwrf=http%3A%2F%2Fwww.google.co.in&nse=3&vi=1510589514218296512&lw=1&ugd=4&re=1&hlt=1&dfp=1&rtbs=1, is invoked via document.write. The network request for this script MAY be blocked by the browser in this or a future page load due to poor network connectivity. If blocked in this page load, it will be confirmed in a subsequent console message.See https://www.chromestatus.com/feature/5718547946799104 for more details.
Nov 13, 2017 21:41:56.53 A Parser-blocking, cross site (i.e. different eTLD+1) script, http://contextual.media.net/fcmdynet.js?&cid=8CUR263K7&cpcd=T0vu7vB2DcZ9k6ALlnTTUQ%3D%3D&crid=531573855&size=300x600&cc=IN&vif=1&requrl=http%3A%2F%2Fwww.thejavageek.com%2F2013%2F11%2F20%2Ffilter-order-servlets%2F&kwrf=http%3A%2F%2Fwww.google.co.in&nse=3&vi=1510589514218296512&lw=1&ugd=4&re=1&hlt=1&dfp=1&rtbs=1, is invoked via document.write. The network request for this script MAY be blocked by the browser in this or a future page load due to poor network connectivity. If blocked in this page load, it will be confirmed in a subsequent console message.See https://www.chromestatus.com/feature/5718547946799104 for more details.
Nov 13, 2017 21:43:14.33 [3290:3328:1113/214314.332231:ERROR:browser_gpu_channel_host_factory.cc(103)] Failed to launch GPU process.
Nov 13, 2017 21:43:14.36 Created new window in existing browser session.
Nov 13, 2017 21:48:22.71 [3470:3508:1113/214822.717034:ERROR:browser_gpu_channel_host_factory.cc(103)] Failed to launch GPU process.
Nov 13, 2017 21:48:22.74 Created new window in existing browser session.
Nov 13, 2017 21:50:25.87 [3585:3623:1113/215025.873428:ERROR:browser_gpu_channel_host_factory.cc(103)] Failed to launch GPU process.
Nov 13, 2017 21:50:25.91 Created new window in existing browser session.
Nov 13, 2017 21:51:12.16 [3789:3826:1113/215112.162949:ERROR:browser_gpu_channel_host_factory.cc(103)] Failed to launch GPU process.
Nov 13, 2017 21:51:12.19 Created new window in existing browser session.
Nov 13, 2017 22:01:13.30 [3990:4028:1113/220113.300193:ERROR:browser_gpu_channel_host_factory.cc(103)] Failed to launch GPU process.
Nov 13, 2017 22:01:13.32 Created new window in existing browser session.
Nov 13, 2017 22:01:57.52 [4193:4230:1113/220157.521243:ERROR:browser_gpu_channel_host_factory.cc(103)] Failed to launch GPU process.
Nov 13, 2017 22:01:57.55 Created new window in existing browser session.
Nov 13, 2017 22:05:31.71 [4342:4380:1113/220531.714429:ERROR:browser_gpu_channel_host_factory.cc(103)] Failed to launch GPU process.
Nov 13, 2017 22:05:31.84 Created new window in existing browser session.
Nov 13, 2017 22:08:42.51 [4576:4613:1113/220842.510506:ERROR:browser_gpu_channel_host_factory.cc(103)] Failed to launch GPU process.
Nov 13, 2017 22:08:42.55 Created new window in existing browser session.
Nov 13, 2017 22:09:35.74 [4690:4727:1113/220935.745216:ERROR:browser_gpu_channel_host_factory.cc(103)] Failed to launch GPU process.
Nov 13, 2017 22:09:35.79 Created new window in existing browser session.
Nov 13, 2017 22:11:14.21 [4822:4860:1113/221114.216321:ERROR:browser_gpu_channel_host_factory.cc(103)] Failed to launch GPU process.
Nov 13, 2017 22:11:14.25 Created new window in existing browser session.
Nov 13, 2017 22:12:08.74 [5012:5049:1113/221208.744921:ERROR:browser_gpu_channel_host_factory.cc(103)] Failed to launch GPU process.
Nov 13, 2017 22:12:08.80 Created new window in existing browser session.
Nov 13, 2017 22:14:50.92 [5182:5220:1113/221450.921867:ERROR:browser_gpu_channel_host_factory.cc(103)] Failed to launch GPU process.
Nov 13, 2017 22:14:50.96 Created new window in existing browser session.
Nov 13, 2017 22:16:03.14 [5406:5443:1113/221603.144571:ERROR:browser_gpu_channel_host_factory.cc(103)] Failed to launch GPU process.
Nov 13, 2017 22:16:03.18 Created new window in existing browser session.
Nov 13, 2017 22:21:31.67 [5620:5658:1113/222131.673784:ERROR:browser_gpu_channel_host_factory.cc(103)] Failed to launch GPU process.
Nov 13, 2017 22:21:31.71 Created new window in existing browser session.
Nov 13, 2017 22:23:48.09 [5768:5806:1113/222348.099431:ERROR:browser_gpu_channel_host_factory.cc(103)] Failed to launch GPU process.
Nov 13, 2017 22:23:48.13 Created new window in existing browser session.
Nov 13, 2017 22:24:44.97 [5987:6024:1113/222444.976732:ERROR:browser_gpu_channel_host_factory.cc(103)] Failed to launch GPU process.
Nov 13, 2017 22:24:45.03 Created new window in existing browser session.
Nov 13, 2017 22:25:56.37 [6201:6238:1113/222556.372033:ERROR:browser_gpu_channel_host_factory.cc(103)] Failed to launch GPU process.
Nov 13, 2017 22:25:56.40 Created new window in existing browser session.
Nov 13, 2017 22:27:16.92 [6309:6347:1113/222716.919666:ERROR:browser_gpu_channel_host_factory.cc(103)] Failed to launch GPU process.
Nov 13, 2017 22:27:16.95 Created new window in existing browser session.
Nov 13, 2017 22:55:05.98 [2627:2667:1113/225505.980598:ERROR:service_manager.cc(158)] Connection InterfaceProviderSpec prevented service: content_plugin from binding interface: memory_instrumentation::mojom::Coordinator exposed by: content_browser

Nov 14, 2017 24:53:43.91 NEW SESSION
Nov 14, 2017 24:53:43.91 [4059:4098:1114/005343.911662:ERROR:browser_gpu_channel_host_factory.cc(103)] Failed to launch GPU process.
Nov 14, 2017 24:53:44.01 Created new window in existing browser session.
Nov 14, 2017 24:55:09.09 [4289:4326:1114/005509.095695:ERROR:browser_gpu_channel_host_factory.cc(103)] Failed to launch GPU process.
Nov 14, 2017 24:55:09.13 Created new window in existing browser session.
Nov 14, 2017 01:01:34.08 [4508:4546:1114/010134.080671:ERROR:browser_gpu_channel_host_factory.cc(103)] Failed to launch GPU process.
Nov 14, 2017 01:01:34.08 Created new window in existing browser session.
Nov 14, 2017 01:36:19.70 [5208:5245:1114/013619.703562:ERROR:browser_gpu_channel_host_factory.cc(103)] Failed to launch GPU process.
Nov 14, 2017 01:36:19.76 Created new window in existing browser session.
Nov 14, 2017 01:38:00.25 [5488:5525:1114/013800.252487:ERROR:browser_gpu_channel_host_factory.cc(103)] Failed to launch GPU process.
Nov 14, 2017 01:38:00.32 Created new window in existing browser session.
Nov 14, 2017 01:39:31.82 [5602:5640:1114/013931.823220:ERROR:browser_gpu_channel_host_factory.cc(103)] Failed to launch GPU process.
Nov 14, 2017 01:39:31.86 Created new window in existing browser session.
Nov 14, 2017 01:40:54.25 [5736:5774:1114/014054.254865:ERROR:browser_gpu_channel_host_factory.cc(103)] Failed to launch GPU process.
Nov 14, 2017 01:40:54.29 Created new window in existing browser session.
Nov 14, 2017 01:41:43.57 [5836:5885:1114/014143.573781:ERROR:browser_gpu_channel_host_factory.cc(103)] Failed to launch GPU process.
Nov 14, 2017 01:41:43.59 Created new window in existing browser session.
Nov 14, 2017 01:43:40.03 [6682:6719:1114/014340.033908:ERROR:browser_gpu_channel_host_factory.cc(103)] Failed to launch GPU process.
Nov 14, 2017 01:43:40.05 Created new window in existing browser session.
Nov 14, 2017 01:44:28.33 [6901:6938:1114/014428.330467:ERROR:browser_gpu_channel_host_factory.cc(103)] Failed to launch GPU process.
Nov 14, 2017 01:44:28.38 Created new window in existing browser session.
Nov 14, 2017 01:46:23.42 [7028:7066:1114/014623.429589:ERROR:browser_gpu_channel_host_factory.cc(103)] Failed to launch GPU process.
Nov 14, 2017 01:46:23.46 Created new window in existing browser session.
Nov 14, 2017 01:47:00.39 [7134:7171:1114/014700.390685:ERROR:browser_gpu_channel_host_factory.cc(103)] Failed to launch GPU process.
Nov 14, 2017 01:47:00.40 Created new window in existing browser session.
Nov 14, 2017 01:48:13.44 [7248:7286:1114/014813.448509:ERROR:browser_gpu_channel_host_factory.cc(103)] Failed to launch GPU process.
Nov 14, 2017 01:48:13.48 Created new window in existing browser session.
Nov 14, 2017 01:48:50.71 [7487:7524:1114/014850.711622:ERROR:browser_gpu_channel_host_factory.cc(103)] Failed to launch GPU process.
Nov 14, 2017 01:48:50.75 Created new window in existing browser session.
Nov 14, 2017 01:50:50.07 [7748:7785:1114/015050.079175:ERROR:browser_gpu_channel_host_factory.cc(103)] Failed to launch GPU process.
Nov 14, 2017 01:50:50.10 Created new window in existing browser session.
Nov 14, 2017 01:52:13.52 [7997:8034:1114/015213.525221:ERROR:browser_gpu_channel_host_factory.cc(103)] Failed to launch GPU process.
Nov 14, 2017 01:52:13.56 Created new window in existing browser session.
Nov 14, 2017 01:53:47.07 [8223:8260:1114/015347.076569:ERROR:browser_gpu_channel_host_factory.cc(103)] Failed to launch GPU process.
Nov 14, 2017 01:53:47.11 Created new window in existing browser session.
Nov 14, 2017 01:57:42.98 [8527:8564:1114/015742.987178:ERROR:browser_gpu_channel_host_factory.cc(103)] Failed to launch GPU process.
Nov 14, 2017 01:57:43.04 Created new window in existing browser session.
Nov 14, 2017 02:00:02.17 [8764:8801:1114/020002.175807:ERROR:browser_gpu_channel_host_factory.cc(103)] Failed to launch GPU process.
Nov 14, 2017 02:00:02.26 Created new window in existing browser session.
Nov 14, 2017 02:01:18.44 [8941:8978:1114/020118.443678:ERROR:browser_gpu_channel_host_factory.cc(103)] Failed to launch GPU process.
Nov 14, 2017 02:01:18.47 Created new window in existing browser session.
Nov 14, 2017 02:06:40.04 [9229:9266:1114/020640.044631:ERROR:browser_gpu_channel_host_factory.cc(103)] Failed to launch GPU process.
Nov 14, 2017 02:06:40.04 Created new window in existing browser session.
Nov 14, 2017 02:08:09.28 [9468:9505:1114/020809.285268:ERROR:browser_gpu_channel_host_factory.cc(103)] Failed to launch GPU process.
Nov 14, 2017 02:08:09.33 Created new window in existing browser session.
Nov 14, 2017 02:09:00.31 [9699:9736:1114/020900.316011:ERROR:browser_gpu_channel_host_factory.cc(103)] Failed to launch GPU process.
Nov 14, 2017 02:09:00.35 Created new window in existing browser session.
Nov 14, 2017 02:15:47.82 [10104:10141:1114/021547.824809:ERROR:browser_gpu_channel_host_factory.cc(103)] Failed to launch GPU process.
Nov 14, 2017 02:15:47.93 Created new window in existing browser session.
Nov 14, 2017 02:16:26.37 [10376:10413:1114/021626.376691:ERROR:browser_gpu_channel_host_factory.cc(103)] Failed to launch GPU process.
Nov 14, 2017 02:16:26.40 Created new window in existing browser session.
Nov 14, 2017 02:17:22.79 [10650:10687:1114/021722.799659:ERROR:browser_gpu_channel_host_factory.cc(103)] Failed to launch GPU process.
Nov 14, 2017 02:17:22.85 Created new window in existing browser session.
Nov 14, 2017 02:17:47.13 [10745:10782:1114/021747.134285:ERROR:browser_gpu_channel_host_factory.cc(103)] Failed to launch GPU process.
Nov 14, 2017 02:17:47.13 Created new window in existing browser session.

Nov 14, 2017 11:38:34.26 NEW SESSION
Nov 14, 2017 11:38:34.26 [3180:3218:1114/113834.267529:ERROR:browser_gpu_channel_host_factory.cc(103)] Failed to launch GPU process.
Nov 14, 2017 11:38:34.38 Created new window in existing browser session.
Nov 14, 2017 11:44:35.74 [3364:3402:1114/114435.746764:ERROR:browser_gpu_channel_host_factory.cc(103)] Failed to launch GPU process.
Nov 14, 2017 11:44:35.76 Created new window in existing browser session.
Nov 14, 2017 11:45:43.11 [3578:3615:1114/114543.110650:ERROR:browser_gpu_channel_host_factory.cc(103)] Failed to launch GPU process.
Nov 14, 2017 11:45:43.14 Created new window in existing browser session.
Nov 14, 2017 11:46:29.54 [3775:3812:1114/114629.545937:ERROR:browser_gpu_channel_host_factory.cc(103)] Failed to launch GPU process.
Nov 14, 2017 11:46:29.59 Created new window in existing browser session.
Nov 14, 2017 11:50:37.67 [3895:3933:1114/115037.677928:ERROR:browser_gpu_channel_host_factory.cc(103)] Failed to launch GPU process.
Nov 14, 2017 11:50:37.69 Created new window in existing browser session.
Nov 14, 2017 12:04:04.90 [4790:4827:1114/120404.900865:ERROR:browser_gpu_channel_host_factory.cc(103)] Failed to launch GPU process.
Nov 14, 2017 12:04:04.90 Created new window in existing browser session.
Nov 14, 2017 12:17:49.18 [5531:5568:1114/121749.186964:ERROR:browser_gpu_channel_host_factory.cc(103)] Failed to launch GPU process.
Nov 14, 2017 12:17:49.22 Created new window in existing browser session.
Nov 14, 2017 12:37:57.53 [6344:6402:1114/123757.537863:ERROR:browser_gpu_channel_host_factory.cc(103)] Failed to launch GPU process.
Nov 14, 2017 12:37:57.59 Created new window in existing browser session.
Nov 14, 2017 12:52:21.66 [7301:7338:1114/125221.669562:ERROR:browser_gpu_channel_host_factory.cc(103)] Failed to launch GPU process.
Nov 14, 2017 12:52:21.70 Created new window in existing browser session.
Nov 14, 2017 12:58:45.59 [7942:7979:1114/125845.589182:ERROR:browser_gpu_channel_host_factory.cc(103)] Failed to launch GPU process.
Nov 14, 2017 12:58:45.65 Created new window in existing browser session.
Nov 14, 2017 13:06:07.54 [8285:8322:1114/130607.549314:ERROR:browser_gpu_channel_host_factory.cc(103)] Failed to launch GPU process.
Nov 14, 2017 13:06:07.57 Created new window in existing browser session.
Nov 14, 2017 14:51:49.36 [10024:10061:1114/145149.362061:ERROR:browser_gpu_channel_host_factory.cc(103)] Failed to launch GPU process.
Nov 14, 2017 14:51:49.42 Created new window in existing browser session.
Nov 14, 2017 16:13:07.26 [13191:13228:1114/161307.269825:ERROR:browser_gpu_channel_host_factory.cc(103)] Failed to launch GPU process.
Nov 14, 2017 16:13:07.33 Created new window in existing browser session.
Nov 14, 2017 16:43:03.58 [14619:14656:1114/164303.580495:ERROR:browser_gpu_channel_host_factory.cc(103)] Failed to launch GPU process.
Nov 14, 2017 16:43:03.62 Created new window in existing browser session.
Nov 14, 2017 16:47:36.47 [15022:15059:1114/164736.470862:ERROR:browser_gpu_channel_host_factory.cc(103)] Failed to launch GPU process.
Nov 14, 2017 16:47:36.50 Created new window in existing browser session.
Nov 14, 2017 17:03:22.30 [15476:15513:1114/170322.308346:ERROR:browser_gpu_channel_host_factory.cc(103)] Failed to launch GPU process.
Nov 14, 2017 17:03:22.32 Created new window in existing browser session.
Nov 14, 2017 17:41:45.54 [16532:16569:1114/174145.548319:ERROR:browser_gpu_channel_host_factory.cc(103)] Failed to launch GPU process.
Nov 14, 2017 17:41:45.57 Created new window in existing browser session.
Nov 14, 2017 17:43:51.72 [16849:16886:1114/174351.727759:ERROR:browser_gpu_channel_host_factory.cc(103)] Failed to launch GPU process.
Nov 14, 2017 17:43:51.75 Created new window in existing browser session.
Nov 14, 2017 17:54:33.19 [17386:17423:1114/175433.196921:ERROR:browser_gpu_channel_host_factory.cc(103)] Failed to launch GPU process.
Nov 14, 2017 17:54:33.21 Created new window in existing browser session.
Nov 14, 2017 18:00:58.89 [17716:17753:1114/180058.894467:ERROR:browser_gpu_channel_host_factory.cc(103)] Failed to launch GPU process.
Nov 14, 2017 18:00:58.93 Created new window in existing browser session.
Nov 14, 2017 18:33:04.98 [19043:19080:1114/183304.986122:ERROR:browser_gpu_channel_host_factory.cc(103)] Failed to launch GPU process.
Nov 14, 2017 18:33:05.04 Created new window in existing browser session.
Nov 14, 2017 18:33:29.10 [19130:19167:1114/183329.105696:ERROR:browser_gpu_channel_host_factory.cc(103)] Failed to launch GPU process.
Nov 14, 2017 18:33:29.14 Created new window in existing browser session.
Nov 14, 2017 18:34:22.18 [19307:19344:1114/183422.185248:ERROR:browser_gpu_channel_host_factory.cc(103)] Failed to launch GPU process.
Nov 14, 2017 18:34:22.26 Created new window in existing browser session.
Nov 14, 2017 18:35:13.20 [19588:19625:1114/183513.201122:ERROR:browser_gpu_channel_host_factory.cc(103)] Failed to launch GPU process.
Nov 14, 2017 18:35:13.26 Created new window in existing browser session.
Nov 14, 2017 18:39:56.84 [19826:19863:1114/183956.849832:ERROR:browser_gpu_channel_host_factory.cc(103)] Failed to launch GPU process.
Nov 14, 2017 18:39:56.89 Created new window in existing browser session.
Nov 14, 2017 18:41:23.14 [20024:20082:1114/184123.140981:ERROR:browser_gpu_channel_host_factory.cc(103)] Failed to launch GPU process.
Nov 14, 2017 18:41:23.21 Created new window in existing browser session.
Nov 14, 2017 18:41:52.55 [20280:20317:1114/184152.553110:ERROR:browser_gpu_channel_host_factory.cc(103)] Failed to launch GPU process.
Nov 14, 2017 18:41:52.59 Created new window in existing browser session.
Nov 14, 2017 18:42:46.46 [20441:20478:1114/184246.461291:ERROR:browser_gpu_channel_host_factory.cc(103)] Failed to launch GPU process.
Nov 14, 2017 18:42:46.50 Created new window in existing browser session.
Nov 14, 2017 18:43:21.87 [20707:20744:1114/184321.876228:ERROR:browser_gpu_channel_host_factory.cc(103)] Failed to launch GPU process.
Nov 14, 2017 18:43:21.97 Created new window in existing browser session.
Nov 14, 2017 18:43:55.38 [20802:20839:1114/184355.382264:ERROR:browser_gpu_channel_host_factory.cc(103)] Failed to launch GPU process.
Nov 14, 2017 18:43:55.42 Created new window in existing browser session.
Nov 14, 2017 18:44:55.34 [20897:20934:1114/184455.347599:ERROR:browser_gpu_channel_host_factory.cc(103)] Failed to launch GPU process.
Nov 14, 2017 18:44:55.39 Created new window in existing browser session.

Nov 14, 2017 18:45:41.32 NEW SESSION
Nov 14, 2017 18:45:41.32 [21162:21200:1114/184541.320736:ERROR:browser_gpu_channel_host_factory.cc(103)] Failed to launch GPU process.
Nov 14, 2017 18:45:41.36 Created new window in existing browser session.
Nov 14, 2017 18:48:38.40 [21413:21451:1114/184838.405705:ERROR:browser_gpu_channel_host_factory.cc(103)] Failed to launch GPU process.
Nov 14, 2017 18:48:38.46 Created new window in existing browser session.
Nov 14, 2017 18:49:02.76 [21511:21548:1114/184902.768373:ERROR:browser_gpu_channel_host_factory.cc(103)] Failed to launch GPU process.
Nov 14, 2017 18:49:02.81 Created new window in existing browser session.
Nov 14, 2017 19:02:01.70 [22091:22129:1114/190201.709463:ERROR:browser_gpu_channel_host_factory.cc(103)] Failed to launch GPU process.
Nov 14, 2017 19:02:01.78 Created new window in existing browser session.
Nov 14, 2017 19:07:13.40 [22306:22344:1114/190713.406302:ERROR:browser_gpu_channel_host_factory.cc(103)] Failed to launch GPU process.
Nov 14, 2017 19:07:13.44 Created new window in existing browser session.
Nov 14, 2017 19:09:21.44 [22420:22458:1114/190921.449020:ERROR:browser_gpu_channel_host_factory.cc(103)] Failed to launch GPU process.
Nov 14, 2017 19:09:21.50 Created new window in existing browser session.
Nov 14, 2017 19:09:47.61 [22604:22641:1114/190947.617573:ERROR:browser_gpu_channel_host_factory.cc(103)] Failed to launch GPU process.
Nov 14, 2017 19:09:47.65 Created new window in existing browser session.
Nov 14, 2017 19:40:36.84 [23560:23597:1114/194036.840499:ERROR:browser_gpu_channel_host_factory.cc(103)] Failed to launch GPU process.
Nov 14, 2017 19:40:36.88 Created new window in existing browser session.
Nov 14, 2017 19:56:58.73 [23910:23948:1114/195658.737020:ERROR:browser_gpu_channel_host_factory.cc(103)] Failed to launch GPU process.
Nov 14, 2017 19:56:58.75 Created new window in existing browser session.
Nov 14, 2017 19:57:34.70 [24113:24150:1114/195734.709736:ERROR:browser_gpu_channel_host_factory.cc(103)] Failed to launch GPU process.
Nov 14, 2017 19:57:34.76 Created new window in existing browser session.

Nov 14, 2017 20:27:36.97 NEW SESSION
Nov 14, 2017 20:27:36.97 [25307:25345:1114/202736.974369:ERROR:browser_gpu_channel_host_factory.cc(103)] Failed to launch GPU process.
Nov 14, 2017 20:27:37.00 Created new window in existing browser session.
Nov 14, 2017 20:28:39.83 [25527:25564:1114/202839.835458:ERROR:browser_gpu_channel_host_factory.cc(103)] Failed to launch GPU process.
Nov 14, 2017 20:28:39.88 Created new window in existing browser session.
Nov 14, 2017 20:38:46.68 [26109:26146:1114/203846.681800:ERROR:browser_gpu_channel_host_factory.cc(103)] Failed to launch GPU process.
Nov 14, 2017 20:38:46.74 Created new window in existing browser session.
Nov 14, 2017 20:49:16.26 [26895:26932:1114/204916.261691:ERROR:browser_gpu_channel_host_factory.cc(103)] Failed to launch GPU process.
Nov 14, 2017 20:49:16.31 Created new window in existing browser session.
Nov 14, 2017 20:52:09.21 [27152:27189:1114/205209.212256:ERROR:browser_gpu_channel_host_factory.cc(103)] Failed to launch GPU process.
Nov 14, 2017 20:52:09.22 Created new window in existing browser session.
Nov 14, 2017 20:59:47.84 [27643:27680:1114/205947.846219:ERROR:browser_gpu_channel_host_factory.cc(103)] Failed to launch GPU process.
Nov 14, 2017 20:59:47.87 Created new window in existing browser session.
Nov 14, 2017 21:14:48.40 [28010:28047:1114/211448.409489:ERROR:browser_gpu_channel_host_factory.cc(103)] Failed to launch GPU process.
Nov 14, 2017 21:14:48.43 Created new window in existing browser session.
Nov 14, 2017 21:15:29.20 [28223:28260:1114/211529.203466:ERROR:browser_gpu_channel_host_factory.cc(103)] Failed to launch GPU process.
Nov 14, 2017 21:15:29.22 Created new window in existing browser session.
Nov 14, 2017 21:16:27.25 [28425:28462:1114/211627.258380:ERROR:browser_gpu_channel_host_factory.cc(103)] Failed to launch GPU process.
Nov 14, 2017 21:16:27.28 Created new window in existing browser session.
Nov 14, 2017 21:17:01.04 [28697:28734:1114/211701.043850:ERROR:browser_gpu_channel_host_factory.cc(103)] Failed to launch GPU process.
Nov 14, 2017 21:17:01.06 Created new window in existing browser session.
Nov 14, 2017 21:18:57.81 [28977:29014:1114/211857.817281:ERROR:browser_gpu_channel_host_factory.cc(103)] Failed to launch GPU process.
Nov 14, 2017 21:18:57.82 Created new window in existing browser session.
Nov 14, 2017 21:23:11.44 [29133:29171:1114/212311.445605:ERROR:browser_gpu_channel_host_factory.cc(103)] Failed to launch GPU process.
Nov 14, 2017 21:23:11.47 Created new window in existing browser session.
Nov 14, 2017 21:24:57.34 [29493:29530:1114/212457.342454:ERROR:browser_gpu_channel_host_factory.cc(103)] Failed to launch GPU process.
Nov 14, 2017 21:24:57.37 Created new window in existing browser session.
Nov 14, 2017 21:28:11.73 [29646:29684:1114/212811.732511:ERROR:browser_gpu_channel_host_factory.cc(103)] Failed to launch GPU process.
Nov 14, 2017 21:28:11.76 Created new window in existing browser session.
Nov 14, 2017 21:28:58.83 [29975:30012:1114/212858.831257:ERROR:browser_gpu_channel_host_factory.cc(103)] Failed to launch GPU process.
Nov 14, 2017 21:28:58.88 Created new window in existing browser session.
Nov 14, 2017 21:36:08.01 [30174:30212:1114/213608.014114:ERROR:browser_gpu_channel_host_factory.cc(103)] Failed to launch GPU process.
Nov 14, 2017 21:36:08.05 Created new window in existing browser session.
Nov 14, 2017 21:36:23.42 [30277:30314:1114/213623.422769:ERROR:browser_gpu_channel_host_factory.cc(103)] Failed to launch GPU process.
Nov 14, 2017 21:36:23.45 Created new window in existing browser session.
Nov 14, 2017 21:38:05.51 [30419:30457:1114/213805.519229:ERROR:browser_gpu_channel_host_factory.cc(103)] Failed to launch GPU process.
Nov 14, 2017 21:38:05.54 Created new window in existing browser session.
Nov 14, 2017 21:38:17.68 [30502:30539:1114/213817.684722:ERROR:browser_gpu_channel_host_factory.cc(103)] Failed to launch GPU process.
Nov 14, 2017 21:38:17.70 Created new window in existing browser session.
Nov 14, 2017 21:39:05.35 [30827:30864:1114/213905.356791:ERROR:browser_gpu_channel_host_factory.cc(103)] Failed to launch GPU process.
Nov 14, 2017 21:39:05.38 Created new window in existing browser session.
Nov 14, 2017 21:46:55.96 [31258:31295:1114/214655.962601:ERROR:browser_gpu_channel_host_factory.cc(103)] Failed to launch GPU process.
Nov 14, 2017 21:46:55.99 Created new window in existing browser session.

Nov 14, 2017 22:05:15.64 NEW SESSION
Nov 14, 2017 22:05:15.64 [2689:2727:1114/220515.638475:ERROR:browser_gpu_channel_host_factory.cc(103)] Failed to launch GPU process.
Nov 14, 2017 22:05:15.86 Created new window in existing browser session.
Nov 14, 2017 22:06:42.13 [2467:2508:1114/220642.129760:ERROR:ssl_client_socket_impl.cc(1054)] handshake failed; returned -1, SSL error code 1, net_error -100
Nov 14, 2017 22:08:59.55 [3363:3400:1114/220859.550283:ERROR:browser_gpu_channel_host_factory.cc(103)] Failed to launch GPU process.
Nov 14, 2017 22:08:59.55 Created new window in existing browser session.
Nov 14, 2017 22:22:09.70 [3821:3858:1114/222209.701008:ERROR:browser_gpu_channel_host_factory.cc(103)] Failed to launch GPU process.
Nov 14, 2017 22:22:09.72 Created new window in existing browser session.
Nov 14, 2017 22:22:43.40 [4109:4146:1114/222243.406816:ERROR:browser_gpu_channel_host_factory.cc(103)] Failed to launch GPU process.
Nov 14, 2017 22:22:43.44 Created new window in existing browser session.
Nov 14, 2017 22:23:46.66 [2467:2508:1114/222346.660743:ERROR:service_manager.cc(158)] Connection InterfaceProviderSpec prevented service: content_plugin from binding interface: memory_instrumentation::mojom::Coordinator exposed by: content_browser

Nov 15, 2017 09:08:41.16 NEW SESSION
Nov 15, 2017 09:08:41.16 [5987:6025:1115/090841.161570:ERROR:browser_gpu_channel_host_factory.cc(103)] Failed to launch GPU process.
Nov 15, 2017 09:08:41.27 Created new window in existing browser session.
Nov 15, 2017 09:10:42.39 [6218:6255:1115/091042.396270:ERROR:browser_gpu_channel_host_factory.cc(103)] Failed to launch GPU process.
Nov 15, 2017 09:10:42.42 Created new window in existing browser session.
Nov 15, 2017 09:16:19.66 [6394:6433:1115/091619.661569:ERROR:browser_gpu_channel_host_factory.cc(103)] Failed to launch GPU process.
Nov 15, 2017 09:16:19.69 Created new window in existing browser session.
Nov 15, 2017 09:32:17.89 [6780:6818:1115/093217.893201:ERROR:browser_gpu_channel_host_factory.cc(103)] Failed to launch GPU process.
Nov 15, 2017 09:32:17.92 Created new window in existing browser session.
Nov 15, 2017 09:32:42.90 [6998:7035:1115/093242.903666:ERROR:browser_gpu_channel_host_factory.cc(103)] Failed to launch GPU process.
Nov 15, 2017 09:32:42.95 Created new window in existing browser session.
Nov 15, 2017 09:34:51.08 [7236:7273:1115/093451.085487:ERROR:browser_gpu_channel_host_factory.cc(103)] Failed to launch GPU process.
Nov 15, 2017 09:34:51.14 Created new window in existing browser session.
Nov 15, 2017 09:35:52.11 [7359:7397:1115/093552.111139:ERROR:browser_gpu_channel_host_factory.cc(103)] Failed to launch GPU process.
Nov 15, 2017 09:35:52.15 Created new window in existing browser session.
Nov 15, 2017 09:36:11.70 [7557:7594:1115/093611.706549:ERROR:browser_gpu_channel_host_factory.cc(103)] Failed to launch GPU process.
Nov 15, 2017 09:36:11.76 Created new window in existing browser session.
Nov 15, 2017 09:36:31.51 [7647:7684:1115/093631.512688:ERROR:browser_gpu_channel_host_factory.cc(103)] Failed to launch GPU process.
Nov 15, 2017 09:36:31.62 Created new window in existing browser session.
Nov 15, 2017 09:38:46.98 [7786:7824:1115/093846.981055:ERROR:browser_gpu_channel_host_factory.cc(103)] Failed to launch GPU process.
Nov 15, 2017 09:38:47.00 Created new window in existing browser session.
Nov 15, 2017 09:39:00.90 [7981:8018:1115/093900.907647:ERROR:browser_gpu_channel_host_factory.cc(103)] Failed to launch GPU process.
Nov 15, 2017 09:39:00.92 Created new window in existing browser session.
Nov 15, 2017 09:39:51.40 [8207:8248:1115/093951.403589:ERROR:browser_gpu_channel_host_factory.cc(103)] Failed to launch GPU process.
Nov 15, 2017 09:39:51.45 Created new window in existing browser session.
Nov 15, 2017 09:42:14.83 [8451:8488:1115/094214.835680:ERROR:browser_gpu_channel_host_factory.cc(103)] Failed to launch GPU process.
Nov 15, 2017 09:42:14.86 Created new window in existing browser session.
Nov 15, 2017 09:43:18.35 [8571:8609:1115/094318.356830:ERROR:browser_gpu_channel_host_factory.cc(103)] Failed to launch GPU process.
Nov 15, 2017 09:43:18.39 Created new window in existing browser session.
Nov 15, 2017 09:46:15.57 [8828:8865:1115/094615.571397:ERROR:browser_gpu_channel_host_factory.cc(103)] Failed to launch GPU process.
Nov 15, 2017 09:46:15.58 Created new window in existing browser session.
Nov 15, 2017 09:47:39.62 [9072:9109:1115/094739.624953:ERROR:browser_gpu_channel_host_factory.cc(103)] Failed to launch GPU process.
Nov 15, 2017 09:47:39.68 Created new window in existing browser session.
Nov 15, 2017 09:49:01.58 [9188:9226:1115/094901.582008:ERROR:browser_gpu_channel_host_factory.cc(103)] Failed to launch GPU process.
Nov 15, 2017 09:49:01.61 Created new window in existing browser session.
Nov 15, 2017 09:55:36.53 [9566:9603:1115/095536.539745:ERROR:browser_gpu_channel_host_factory.cc(103)] Failed to launch GPU process.
Nov 15, 2017 09:55:36.57 Created new window in existing browser session.
Nov 15, 2017 09:55:53.95 [9738:9775:1115/095553.952477:ERROR:browser_gpu_channel_host_factory.cc(103)] Failed to launch GPU process.
Nov 15, 2017 09:55:53.99 Created new window in existing browser session.
Nov 15, 2017 09:58:01.05 [10006:10043:1115/095801.050043:ERROR:browser_gpu_channel_host_factory.cc(103)] Failed to launch GPU process.
Nov 15, 2017 09:58:01.07 Created new window in existing browser session.
Nov 15, 2017 10:00:50.66 [10243:10280:1115/100050.668431:ERROR:browser_gpu_channel_host_factory.cc(103)] Failed to launch GPU process.
Nov 15, 2017 10:00:50.72 Created new window in existing browser session.
Nov 15, 2017 10:02:08.36 [10374:10412:1115/100208.364629:ERROR:browser_gpu_channel_host_factory.cc(103)] Failed to launch GPU process.
Nov 15, 2017 10:02:08.38 Created new window in existing browser session.
Nov 15, 2017 10:03:53.39 [10619:10656:1115/100353.398445:ERROR:browser_gpu_channel_host_factory.cc(103)] Failed to launch GPU process.
Nov 15, 2017 10:03:53.45 Created new window in existing browser session.
Nov 15, 2017 10:12:27.52 [10893:10931:1115/101227.522178:ERROR:browser_gpu_channel_host_factory.cc(103)] Failed to launch GPU process.
Nov 15, 2017 10:12:27.54 Created new window in existing browser session.
Nov 15, 2017 10:13:33.12 [11021:11059:1115/101333.128058:ERROR:browser_gpu_channel_host_factory.cc(103)] Failed to launch GPU process.
Nov 15, 2017 10:13:33.15 Created new window in existing browser session.
Nov 15, 2017 10:15:16.52 [11251:11288:1115/101516.523229:ERROR:browser_gpu_channel_host_factory.cc(103)] Failed to launch GPU process.
Nov 15, 2017 10:15:16.56 Created new window in existing browser session.
Nov 15, 2017 10:16:49.46 [11379:11417:1115/101649.466658:ERROR:browser_gpu_channel_host_factory.cc(103)] Failed to launch GPU process.
Nov 15, 2017 10:16:49.51 Created new window in existing browser session.
Nov 15, 2017 10:20:29.04 [11693:11732:1115/102029.038901:ERROR:browser_gpu_channel_host_factory.cc(103)] Failed to launch GPU process.
Nov 15, 2017 10:20:29.11 Created new window in existing browser session.
Nov 15, 2017 10:20:43.00 [11897:11934:1115/102043.002445:ERROR:browser_gpu_channel_host_factory.cc(103)] Failed to launch GPU process.
Nov 15, 2017 10:20:43.06 Created new window in existing browser session.
Nov 15, 2017 10:22:48.73 [12159:12196:1115/102248.734801:ERROR:browser_gpu_channel_host_factory.cc(103)] Failed to launch GPU process.
Nov 15, 2017 10:22:48.76 Created new window in existing browser session.
Nov 15, 2017 10:23:26.33 [12271:12308:1115/102326.331105:ERROR:browser_gpu_channel_host_factory.cc(103)] Failed to launch GPU process.
Nov 15, 2017 10:23:26.36 Created new window in existing browser session.
Nov 15, 2017 10:26:01.14 [12418:12456:1115/102601.141841:ERROR:browser_gpu_channel_host_factory.cc(103)] Failed to launch GPU process.
Nov 15, 2017 10:26:01.16 Created new window in existing browser session.
Nov 15, 2017 10:26:57.19 [12648:12685:1115/102657.190187:ERROR:browser_gpu_channel_host_factory.cc(103)] Failed to launch GPU process.
Nov 15, 2017 10:26:57.25 Created new window in existing browser session.
Nov 15, 2017 10:58:29.83 [13713:13750:1115/105829.838121:ERROR:browser_gpu_channel_host_factory.cc(103)] Failed to launch GPU process.
Nov 15, 2017 10:58:29.89 Created new window in existing browser session.
Nov 15, 2017 10:58:57.40 [13816:13853:1115/105857.408740:ERROR:browser_gpu_channel_host_factory.cc(103)] Failed to launch GPU process.
Nov 15, 2017 10:58:57.45 Created new window in existing browser session.
Nov 15, 2017 11:02:30.92 [14150:14187:1115/110230.921233:ERROR:browser_gpu_channel_host_factory.cc(103)] Failed to launch GPU process.
Nov 15, 2017 11:02:30.98 Created new window in existing browser session.
Nov 15, 2017 11:05:01.86 [14387:14427:1115/110501.859881:ERROR:browser_gpu_channel_host_factory.cc(103)] Failed to launch GPU process.
Nov 15, 2017 11:05:01.91 Created new window in existing browser session.
Nov 15, 2017 11:06:52.21 [14656:14693:1115/110652.218773:ERROR:browser_gpu_channel_host_factory.cc(103)] Failed to launch GPU process.
Nov 15, 2017 11:06:52.29 Created new window in existing browser session.
Nov 15, 2017 11:07:17.33 [14750:14787:1115/110717.339874:ERROR:browser_gpu_channel_host_factory.cc(103)] Failed to launch GPU process.
Nov 15, 2017 11:07:17.39 Created new window in existing browser session.
Nov 15, 2017 11:14:41.16 [15090:15128:1115/111441.164281:ERROR:browser_gpu_channel_host_factory.cc(103)] Failed to launch GPU process.
Nov 15, 2017 11:14:41.19 Created new window in existing browser session.
Nov 15, 2017 11:15:07.88 [15201:15238:1115/111507.879763:ERROR:browser_gpu_channel_host_factory.cc(103)] Failed to launch GPU process.
Nov 15, 2017 11:15:07.92 Created new window in existing browser session.
Nov 15, 2017 11:28:17.65 [15694:15731:1115/112817.657497:ERROR:browser_gpu_channel_host_factory.cc(103)] Failed to launch GPU process.
Nov 15, 2017 11:28:17.67 Created new window in existing browser session.
Nov 15, 2017 11:30:58.89 [15991:16028:1115/113058.898282:ERROR:browser_gpu_channel_host_factory.cc(103)] Failed to launch GPU process.
Nov 15, 2017 11:30:58.95 Created new window in existing browser session.
Nov 15, 2017 11:36:40.70 [16320:16357:1115/113640.707072:ERROR:browser_gpu_channel_host_factory.cc(103)] Failed to launch GPU process.
Nov 15, 2017 11:36:40.75 Created new window in existing browser session.
Nov 15, 2017 11:37:27.29 [16555:16592:1115/113727.296558:ERROR:browser_gpu_channel_host_factory.cc(103)] Failed to launch GPU process.
Nov 15, 2017 11:37:27.32 Created new window in existing browser session.
Nov 15, 2017 11:46:21.13 [16999:17037:1115/114621.130482:ERROR:browser_gpu_channel_host_factory.cc(103)] Failed to launch GPU process.
Nov 15, 2017 11:46:21.17 Created new window in existing browser session.
Nov 15, 2017 11:50:55.68 [17366:17403:1115/115055.685907:ERROR:browser_gpu_channel_host_factory.cc(103)] Failed to launch GPU process.
Nov 15, 2017 11:50:55.72 Created new window in existing browser session.
Nov 15, 2017 11:51:08.82 [17528:17565:1115/115108.829171:ERROR:browser_gpu_channel_host_factory.cc(103)] Failed to launch GPU process.
Nov 15, 2017 11:51:08.87 Created new window in existing browser session.

Nov 15, 2017 16:07:55.94 NEW SESSION
Nov 15, 2017 16:07:55.94 [3363:3401:1115/160755.941773:ERROR:browser_gpu_channel_host_factory.cc(103)] Failed to launch GPU process.
Nov 15, 2017 16:07:56.03 Created new window in existing browser session.
Nov 15, 2017 16:08:45.45 [3584:3621:1115/160845.457893:ERROR:browser_gpu_channel_host_factory.cc(103)] Failed to launch GPU process.
Nov 15, 2017 16:08:45.49 Created new window in existing browser session.
Nov 15, 2017 16:15:00.72 [3986:4023:1115/161500.721833:ERROR:browser_gpu_channel_host_factory.cc(103)] Failed to launch GPU process.
Nov 15, 2017 16:15:00.77 Created new window in existing browser session.
Nov 15, 2017 16:16:32.13 [4245:4282:1115/161632.137392:ERROR:browser_gpu_channel_host_factory.cc(103)] Failed to launch GPU process.
Nov 15, 2017 16:16:32.15 Created new window in existing browser session.
Nov 15, 2017 16:22:08.30 [4687:4724:1115/162208.306080:ERROR:browser_gpu_channel_host_factory.cc(103)] Failed to launch GPU process.
Nov 15, 2017 16:22:08.34 Created new window in existing browser session.
Nov 15, 2017 16:27:54.73 [5124:5161:1115/162754.728260:ERROR:browser_gpu_channel_host_factory.cc(103)] Failed to launch GPU process.
Nov 15, 2017 16:27:54.77 Created new window in existing browser session.
Nov 15, 2017 16:28:37.16 [5343:5380:1115/162837.164812:ERROR:browser_gpu_channel_host_factory.cc(103)] Failed to launch GPU process.
Nov 15, 2017 16:28:37.20 Created new window in existing browser session.
Nov 15, 2017 16:29:05.79 [5641:5678:1115/162905.796450:ERROR:browser_gpu_channel_host_factory.cc(103)] Failed to launch GPU process.
Nov 15, 2017 16:29:05.80 Created new window in existing browser session.
Nov 15, 2017 16:30:08.93 [5909:5946:1115/163008.939117:ERROR:browser_gpu_channel_host_factory.cc(103)] Failed to launch GPU process.
Nov 15, 2017 16:30:08.96 Created new window in existing browser session.
Nov 15, 2017 16:32:54.67 [6295:6332:1115/163254.679028:ERROR:browser_gpu_channel_host_factory.cc(103)] Failed to launch GPU process.
Nov 15, 2017 16:32:54.72 Created new window in existing browser session.
Nov 15, 2017 16:36:17.08 [6825:6862:1115/163617.081831:ERROR:browser_gpu_channel_host_factory.cc(103)] Failed to launch GPU process.
Nov 15, 2017 16:36:17.09 Created new window in existing browser session.

Nov 15, 2017 16:47:24.44 NEW SESSION
Nov 15, 2017 16:47:24.44 [3420:3458:1115/164724.443074:ERROR:browser_gpu_channel_host_factory.cc(103)] Failed to launch GPU process.
Nov 15, 2017 16:47:24.52 Created new window in existing browser session.
Nov 15, 2017 16:49:10.19 [3720:3758:1115/164910.197653:ERROR:browser_gpu_channel_host_factory.cc(103)] Failed to launch GPU process.
Nov 15, 2017 16:49:10.24 Created new window in existing browser session.
Nov 15, 2017 16:50:28.18 [4010:4047:1115/165028.182054:ERROR:browser_gpu_channel_host_factory.cc(103)] Failed to launch GPU process.
Nov 15, 2017 16:50:28.20 Created new window in existing browser session.
Nov 15, 2017 16:51:14.75 [4223:4260:1115/165114.755382:ERROR:browser_gpu_channel_host_factory.cc(103)] Failed to launch GPU process.
Nov 15, 2017 16:51:14.82 Created new window in existing browser session.
Nov 15, 2017 16:53:02.93 [4583:4620:1115/165302.934063:ERROR:browser_gpu_channel_host_factory.cc(103)] Failed to launch GPU process.
Nov 15, 2017 16:53:02.99 Created new window in existing browser session.
Nov 15, 2017 16:53:11.64 [4665:4702:1115/165311.641706:ERROR:browser_gpu_channel_host_factory.cc(103)] Failed to launch GPU process.
Nov 15, 2017 16:53:11.68 Created new window in existing browser session.
Nov 15, 2017 17:01:33.43 [5176:5213:1115/170133.434120:ERROR:browser_gpu_channel_host_factory.cc(103)] Failed to launch GPU process.
Nov 15, 2017 17:01:33.46 Created new window in existing browser session.
Nov 15, 2017 17:11:36.93 [5587:5645:1115/171136.936186:ERROR:browser_gpu_channel_host_factory.cc(103)] Failed to launch GPU process.
Nov 15, 2017 17:11:36.95 Created new window in existing browser session.
Nov 15, 2017 17:13:34.40 [5862:5899:1115/171334.404737:ERROR:browser_gpu_channel_host_factory.cc(103)] Failed to launch GPU process.
Nov 15, 2017 17:13:34.45 Created new window in existing browser session.
Nov 15, 2017 17:14:13.42 1510746253429	addons.webextension.jid1-NIfFY2CA8fy1tg@jetpack	WARN	Please specify whether you want browser_style or not in your browser_action options.
Nov 15, 2017 17:14:14.92 Extension error: TypeError: response is undefined moz-extension://0f189686-e733-44f8-9a30-91638bbf6729/settings.js 21
Nov 15, 2017 17:14:14.92 [[Exception stack
Nov 15, 2017 17:14:14.92 Settings/this._init</<@moz-extension://0f189686-e733-44f8-9a30-91638bbf6729/settings.js:21:11
Nov 15, 2017 17:14:14.92 Current stack
Nov 15, 2017 17:14:14.92 runSafeSyncWithoutClone@resource://gre/modules/ExtensionUtils.jsm:63:129
Nov 15, 2017 17:14:14.92 runSafeWithoutClone@resource://gre/modules/ExtensionCommon.jsm:174:38
Nov 15, 2017 17:14:14.92 wrapPromise/</<@resource://gre/modules/ExtensionCommon.jsm:363:15
Nov 15, 2017 17:14:14.92 withLastError@resource://gre/modules/ExtensionCommon.jsm:301:14
Nov 15, 2017 17:14:14.92 wrapPromise/<@resource://gre/modules/ExtensionCommon.jsm:357:11
Nov 15, 2017 17:14:14.92 observe@resource://gre/modules/AsyncShutdown.jsm:534:9
Nov 15, 2017 17:14:14.92 ]]
Nov 15, 2017 17:14:14.92 Extension error: TypeError: response is undefined moz-extension://0f189686-e733-44f8-9a30-91638bbf6729/stats.js 95
Nov 15, 2017 17:14:14.92 [[Exception stack
Nov 15, 2017 17:14:14.92 checkUserId/userIDPromise</<@moz-extension://0f189686-e733-44f8-9a30-91638bbf6729/stats.js:95:13
Nov 15, 2017 17:14:14.92 Current stack
Nov 15, 2017 17:14:14.92 runSafeSyncWithoutClone@resource://gre/modules/ExtensionUtils.jsm:63:129
Nov 15, 2017 17:14:14.92 runSafeWithoutClone@resource://gre/modules/ExtensionCommon.jsm:174:38
Nov 15, 2017 17:14:14.92 wrapPromise/</<@resource://gre/modules/ExtensionCommon.jsm:363:15
Nov 15, 2017 17:14:14.92 withLastError@resource://gre/modules/ExtensionCommon.jsm:301:14
Nov 15, 2017 17:14:14.92 wrapPromise/<@resource://gre/modules/ExtensionCommon.jsm:357:11
Nov 15, 2017 17:14:14.92 observe@resource://gre/modules/AsyncShutdown.jsm:534:9
Nov 15, 2017 17:14:14.92 ]]
Nov 15, 2017 17:14:14.92 Extension error: TypeError: response is undefined moz-extension://0f189686-e733-44f8-9a30-91638bbf6729/stats.js 95
Nov 15, 2017 17:14:14.92 [[Exception stack
Nov 15, 2017 17:14:14.92 checkUserId/userIDPromise</<@moz-extension://0f189686-e733-44f8-9a30-91638bbf6729/stats.js:95:13
Nov 15, 2017 17:14:14.92 Current stack
Nov 15, 2017 17:14:14.92 runSafeSyncWithoutClone@resource://gre/modules/ExtensionUtils.jsm:63:129
Nov 15, 2017 17:14:14.92 runSafeWithoutClone@resource://gre/modules/ExtensionCommon.jsm:174:38
Nov 15, 2017 17:14:14.92 wrapPromise/</<@resource://gre/modules/ExtensionCommon.jsm:363:15
Nov 15, 2017 17:14:14.92 withLastError@resource://gre/modules/ExtensionCommon.jsm:301:14
Nov 15, 2017 17:14:14.92 wrapPromise/<@resource://gre/modules/ExtensionCommon.jsm:357:11
Nov 15, 2017 17:14:14.92 observe@resource://gre/modules/AsyncShutdown.jsm:534:9
Nov 15, 2017 17:14:14.92 ]]
Nov 15, 2017 17:14:14.92 Extension error: TypeError: response is undefined moz-extension://0f189686-e733-44f8-9a30-91638bbf6729/background.js 686
Nov 15, 2017 17:14:14.92 [[Exception stack
Nov 15, 2017 17:14:14.92 count_cache_init/<@moz-extension://0f189686-e733-44f8-9a30-91638bbf6729/background.js:686:1
Nov 15, 2017 17:14:14.92 Current stack
Nov 15, 2017 17:14:14.92 runSafeSyncWithoutClone@resource://gre/modules/ExtensionUtils.jsm:63:129
Nov 15, 2017 17:14:14.92 runSafeWithoutClone@resource://gre/modules/ExtensionCommon.jsm:174:38
Nov 15, 2017 17:14:14.92 wrapPromise/</<@resource://gre/modules/ExtensionCommon.jsm:363:15
Nov 15, 2017 17:14:14.92 withLastError@resource://gre/modules/ExtensionCommon.jsm:301:14
Nov 15, 2017 17:14:14.92 wrapPromise/<@resource://gre/modules/ExtensionCommon.jsm:357:11
Nov 15, 2017 17:14:14.92 observe@resource://gre/modules/AsyncShutdown.jsm:534:9
Nov 15, 2017 17:14:14.92 ]]
Nov 15, 2017 17:14:15.03 Extension error: TypeError: response is undefined moz-extension://0f189686-e733-44f8-9a30-91638bbf6729/stats.js 95
Nov 15, 2017 17:14:15.03 [[Exception stack
Nov 15, 2017 17:14:15.03 checkUserId/userIDPromise</<@moz-extension://0f189686-e733-44f8-9a30-91638bbf6729/stats.js:95:13
Nov 15, 2017 17:14:15.03 Current stack
Nov 15, 2017 17:14:15.03 runSafeSyncWithoutClone@resource://gre/modules/ExtensionUtils.jsm:63:129
Nov 15, 2017 17:14:15.03 runSafeWithoutClone@resource://gre/modules/ExtensionCommon.jsm:174:38
Nov 15, 2017 17:14:15.04 wrapPromise/</<@resource://gre/modules/ExtensionCommon.jsm:363:15
Nov 15, 2017 17:14:15.04 withLastError@resource://gre/modules/ExtensionCommon.jsm:301:14
Nov 15, 2017 17:14:15.04 wrapPromise/<@resource://gre/modules/ExtensionCommon.jsm:357:11
Nov 15, 2017 17:14:15.04 observe@resource://gre/modules/AsyncShutdown.jsm:534:9
Nov 15, 2017 17:14:15.04 ]]
Nov 15, 2017 17:14:15.04 *** UTM:SVC TimerManager:registerTimer called after profile-before-change notification. Ignoring timer registration for id: recipe-client-addon-run
Nov 15, 2017 17:14:15.05 Extension error: TypeError: response is undefined moz-extension://0f189686-e733-44f8-9a30-91638bbf6729/background.js 573
Nov 15, 2017 17:14:15.05 [[Exception stack
Nov 15, 2017 17:14:15.05 get_custom_filters_text/<@moz-extension://0f189686-e733-44f8-9a30-91638bbf6729/background.js:573:5
Nov 15, 2017 17:14:15.05 Current stack
Nov 15, 2017 17:14:15.05 runSafeSyncWithoutClone@resource://gre/modules/ExtensionUtils.jsm:63:129
Nov 15, 2017 17:14:15.05 runSafeWithoutClone@resource://gre/modules/ExtensionCommon.jsm:174:38
Nov 15, 2017 17:14:15.05 wrapPromise/</<@resource://gre/modules/ExtensionCommon.jsm:363:15
Nov 15, 2017 17:14:15.05 withLastError@resource://gre/modules/ExtensionCommon.jsm:301:14
Nov 15, 2017 17:14:15.05 wrapPromise/<@resource://gre/modules/ExtensionCommon.jsm:357:11
Nov 15, 2017 17:14:15.05 ]]
Nov 15, 2017 17:14:15.05 Extension error: TypeError: response is undefined moz-extension://0f189686-e733-44f8-9a30-91638bbf6729/filtering/myfilters.js 568
Nov 15, 2017 17:14:15.05 [[Exception stack
Nov 15, 2017 17:14:15.05 MyFilters.prototype.checkFilterUpdates/<@moz-extension://0f189686-e733-44f8-9a30-91638bbf6729/filtering/myfilters.js:568:9
Nov 15, 2017 17:14:15.05 Current stack
Nov 15, 2017 17:14:15.05 runSafeSyncWithoutClone@resource://gre/modules/ExtensionUtils.jsm:63:129
Nov 15, 2017 17:14:15.05 runSafeWithoutClone@resource://gre/modules/ExtensionCommon.jsm:174:38
Nov 15, 2017 17:14:15.05 wrapPromise/</<@resource://gre/modules/ExtensionCommon.jsm:363:15
Nov 15, 2017 17:14:15.05 withLastError@resource://gre/modules/ExtensionCommon.jsm:301:14
Nov 15, 2017 17:14:15.05 wrapPromise/<@resource://gre/modules/ExtensionCommon.jsm:357:11
Nov 15, 2017 17:14:15.05 ]]
Nov 15, 2017 17:14:15.30 *** UTM:SVC TimerManager:registerTimer - id: telemetry_modules_ping
Nov 15, 2017 17:14:15.30 *** UTM:SVC TimerManager:registerTimer called after profile-before-change notification. Ignoring timer registration for id: telemetry_modules_ping
Nov 15, 2017 17:14:16.81 1510746256817	addons.webextension.jid1-NIfFY2CA8fy1tg@jetpack	WARN	Please specify whether you want browser_style or not in your browser_action options.
Nov 15, 2017 17:14:17.56 Extension error: TypeError: getSettings(...) is undefined moz-extension://0f189686-e733-44f8-9a30-91638bbf6729/background.js 834
Nov 15, 2017 17:14:17.56 [[Exception stack
Nov 15, 2017 17:14:17.56 processTab@moz-extension://0f189686-e733-44f8-9a30-91638bbf6729/background.js:834:22
Nov 15, 2017 17:14:17.56 getCurrentTabInfo/<@moz-extension://0f189686-e733-44f8-9a30-91638bbf6729/background.js:882:7
Nov 15, 2017 17:14:17.56 Current stack
Nov 15, 2017 17:14:17.56 runSafeSyncWithoutClone@resource://gre/modules/ExtensionUtils.jsm:63:129
Nov 15, 2017 17:14:17.56 runSafeWithoutClone@resource://gre/modules/ExtensionCommon.jsm:174:38
Nov 15, 2017 17:14:17.56 wrapPromise/<@resource://gre/modules/ExtensionCommon.jsm:349:48
Nov 15, 2017 17:14:17.56 ]]
Nov 15, 2017 17:14:18.22 Extension error: TypeError: getSettings(...) is undefined moz-extension://0f189686-e733-44f8-9a30-91638bbf6729/background.js 834
Nov 15, 2017 17:14:18.22 [[Exception stack
Nov 15, 2017 17:14:18.22 processTab@moz-extension://0f189686-e733-44f8-9a30-91638bbf6729/background.js:834:22
Nov 15, 2017 17:14:18.22 getCurrentTabInfo/<@moz-extension://0f189686-e733-44f8-9a30-91638bbf6729/background.js:882:7
Nov 15, 2017 17:14:18.22 Current stack
Nov 15, 2017 17:14:18.22 runSafeSyncWithoutClone@resource://gre/modules/ExtensionUtils.jsm:63:129
Nov 15, 2017 17:14:18.22 runSafeWithoutClone@resource://gre/modules/ExtensionCommon.jsm:174:38
Nov 15, 2017 17:14:18.22 wrapPromise/<@resource://gre/modules/ExtensionCommon.jsm:349:48
Nov 15, 2017 17:14:18.22 ]]
Nov 15, 2017 17:14:18.22 Extension error: TypeError: getSettings(...) is undefined moz-extension://0f189686-e733-44f8-9a30-91638bbf6729/background.js 834
Nov 15, 2017 17:14:18.22 [[Exception stack
Nov 15, 2017 17:14:18.22 processTab@moz-extension://0f189686-e733-44f8-9a30-91638bbf6729/background.js:834:22
Nov 15, 2017 17:14:18.22 getCurrentTabInfo/<@moz-extension://0f189686-e733-44f8-9a30-91638bbf6729/background.js:882:7
Nov 15, 2017 17:14:18.22 Current stack
Nov 15, 2017 17:14:18.22 runSafeSyncWithoutClone@resource://gre/modules/ExtensionUtils.jsm:63:129
Nov 15, 2017 17:14:18.22 runSafeWithoutClone@resource://gre/modules/ExtensionCommon.jsm:174:38
Nov 15, 2017 17:14:18.22 wrapPromise/<@resource://gre/modules/ExtensionCommon.jsm:349:48
Nov 15, 2017 17:14:18.22 ]]
Nov 15, 2017 17:27:19.95 1510747039957	addons.webextension.jid1-NIfFY2CA8fy1tg@jetpack	WARN	Please specify whether you want browser_style or not in your browser_action options.
Nov 15, 2017 17:27:20.65 *** UTM:SVC TimerManager:registerTimer called after profile-before-change notification. Ignoring timer registration for id: recipe-client-addon-run
Nov 15, 2017 17:27:20.65 Extension error: TypeError: response is undefined moz-extension://0f189686-e733-44f8-9a30-91638bbf6729/settings.js 21
Nov 15, 2017 17:27:20.65 [[Exception stack
Nov 15, 2017 17:27:20.65 Settings/this._init</<@moz-extension://0f189686-e733-44f8-9a30-91638bbf6729/settings.js:21:11
Nov 15, 2017 17:27:20.65 Current stack
Nov 15, 2017 17:27:20.65 runSafeSyncWithoutClone@resource://gre/modules/ExtensionUtils.jsm:63:129
Nov 15, 2017 17:27:20.65 runSafeWithoutClone@resource://gre/modules/ExtensionCommon.jsm:174:38
Nov 15, 2017 17:27:20.65 wrapPromise/</<@resource://gre/modules/ExtensionCommon.jsm:363:15
Nov 15, 2017 17:27:20.65 withLastError@resource://gre/modules/ExtensionCommon.jsm:301:14
Nov 15, 2017 17:27:20.65 wrapPromise/<@resource://gre/modules/ExtensionCommon.jsm:357:11
Nov 15, 2017 17:27:20.65 ]]
Nov 15, 2017 17:27:20.65 Extension error: TypeError: response is undefined moz-extension://0f189686-e733-44f8-9a30-91638bbf6729/stats.js 95
Nov 15, 2017 17:27:20.65 [[Exception stack
Nov 15, 2017 17:27:20.65 checkUserId/userIDPromise</<@moz-extension://0f189686-e733-44f8-9a30-91638bbf6729/stats.js:95:13
Nov 15, 2017 17:27:20.65 Current stack
Nov 15, 2017 17:27:20.65 runSafeSyncWithoutClone@resource://gre/modules/ExtensionUtils.jsm:63:129
Nov 15, 2017 17:27:20.65 runSafeWithoutClone@resource://gre/modules/ExtensionCommon.jsm:174:38
Nov 15, 2017 17:27:20.65 wrapPromise/</<@resource://gre/modules/ExtensionCommon.jsm:363:15
Nov 15, 2017 17:27:20.65 withLastError@resource://gre/modules/ExtensionCommon.jsm:301:14
Nov 15, 2017 17:27:20.65 wrapPromise/<@resource://gre/modules/ExtensionCommon.jsm:357:11
Nov 15, 2017 17:27:20.65 ]]
Nov 15, 2017 17:27:20.65 Extension error: TypeError: response is undefined moz-extension://0f189686-e733-44f8-9a30-91638bbf6729/stats.js 95
Nov 15, 2017 17:27:20.65 [[Exception stack
Nov 15, 2017 17:27:20.65 checkUserId/userIDPromise</<@moz-extension://0f189686-e733-44f8-9a30-91638bbf6729/stats.js:95:13
Nov 15, 2017 17:27:20.65 Current stack
Nov 15, 2017 17:27:20.65 runSafeSyncWithoutClone@resource://gre/modules/ExtensionUtils.jsm:63:129
Nov 15, 2017 17:27:20.65 runSafeWithoutClone@resource://gre/modules/ExtensionCommon.jsm:174:38
Nov 15, 2017 17:27:20.65 wrapPromise/</<@resource://gre/modules/ExtensionCommon.jsm:363:15
Nov 15, 2017 17:27:20.66 withLastError@resource://gre/modules/ExtensionCommon.jsm:301:14
Nov 15, 2017 17:27:20.66 wrapPromise/<@resource://gre/modules/ExtensionCommon.jsm:357:11
Nov 15, 2017 17:27:20.66 ]]
Nov 15, 2017 17:27:20.66 Extension error: TypeError: response is undefined moz-extension://0f189686-e733-44f8-9a30-91638bbf6729/background.js 686
Nov 15, 2017 17:27:20.66 [[Exception stack
Nov 15, 2017 17:27:20.66 count_cache_init/<@moz-extension://0f189686-e733-44f8-9a30-91638bbf6729/background.js:686:1
Nov 15, 2017 17:27:20.66 Current stack
Nov 15, 2017 17:27:20.66 runSafeSyncWithoutClone@resource://gre/modules/ExtensionUtils.jsm:63:129
Nov 15, 2017 17:27:20.66 runSafeWithoutClone@resource://gre/modules/ExtensionCommon.jsm:174:38
Nov 15, 2017 17:27:20.66 wrapPromise/</<@resource://gre/modules/ExtensionCommon.jsm:363:15
Nov 15, 2017 17:27:20.66 withLastError@resource://gre/modules/ExtensionCommon.jsm:301:14
Nov 15, 2017 17:27:20.66 wrapPromise/<@resource://gre/modules/ExtensionCommon.jsm:357:11
Nov 15, 2017 17:27:20.66 ]]
Nov 15, 2017 17:27:20.67 Extension error: TypeError: response is undefined moz-extension://0f189686-e733-44f8-9a30-91638bbf6729/stats.js 95
Nov 15, 2017 17:27:20.67 [[Exception stack
Nov 15, 2017 17:27:20.67 checkUserId/userIDPromise</<@moz-extension://0f189686-e733-44f8-9a30-91638bbf6729/stats.js:95:13
Nov 15, 2017 17:27:20.67 Current stack
Nov 15, 2017 17:27:20.67 runSafeSyncWithoutClone@resource://gre/modules/ExtensionUtils.jsm:63:129
Nov 15, 2017 17:27:20.67 runSafeWithoutClone@resource://gre/modules/ExtensionCommon.jsm:174:38
Nov 15, 2017 17:27:20.67 wrapPromise/</<@resource://gre/modules/ExtensionCommon.jsm:363:15
Nov 15, 2017 17:27:20.67 withLastError@resource://gre/modules/ExtensionCommon.jsm:301:14
Nov 15, 2017 17:27:20.67 wrapPromise/<@resource://gre/modules/ExtensionCommon.jsm:357:11
Nov 15, 2017 17:27:20.67 ]]
Nov 15, 2017 17:27:20.67 Extension error: TypeError: response is undefined moz-extension://0f189686-e733-44f8-9a30-91638bbf6729/background.js 573
Nov 15, 2017 17:27:20.67 [[Exception stack
Nov 15, 2017 17:27:20.67 get_custom_filters_text/<@moz-extension://0f189686-e733-44f8-9a30-91638bbf6729/background.js:573:5
Nov 15, 2017 17:27:20.67 Current stack
Nov 15, 2017 17:27:20.67 runSafeSyncWithoutClone@resource://gre/modules/ExtensionUtils.jsm:63:129
Nov 15, 2017 17:27:20.67 runSafeWithoutClone@resource://gre/modules/ExtensionCommon.jsm:174:38
Nov 15, 2017 17:27:20.67 wrapPromise/</<@resource://gre/modules/ExtensionCommon.jsm:363:15
Nov 15, 2017 17:27:20.67 withLastError@resource://gre/modules/ExtensionCommon.jsm:301:14
Nov 15, 2017 17:27:20.67 wrapPromise/<@resource://gre/modules/ExtensionCommon.jsm:357:11
Nov 15, 2017 17:27:20.67 ]]
Nov 15, 2017 17:27:20.67 Extension error: TypeError: response is undefined moz-extension://0f189686-e733-44f8-9a30-91638bbf6729/filtering/myfilters.js 568
Nov 15, 2017 17:27:20.67 [[Exception stack
Nov 15, 2017 17:27:20.67 MyFilters.prototype.checkFilterUpdates/<@moz-extension://0f189686-e733-44f8-9a30-91638bbf6729/filtering/myfilters.js:568:9
Nov 15, 2017 17:27:20.67 Current stack
Nov 15, 2017 17:27:20.67 runSafeSyncWithoutClone@resource://gre/modules/ExtensionUtils.jsm:63:129
Nov 15, 2017 17:27:20.67 runSafeWithoutClone@resource://gre/modules/ExtensionCommon.jsm:174:38
Nov 15, 2017 17:27:20.67 wrapPromise/</<@resource://gre/modules/ExtensionCommon.jsm:363:15
Nov 15, 2017 17:27:20.67 withLastError@resource://gre/modules/ExtensionCommon.jsm:301:14
Nov 15, 2017 17:27:20.67 wrapPromise/<@resource://gre/modules/ExtensionCommon.jsm:357:11
Nov 15, 2017 17:27:20.67 ]]
Nov 15, 2017 17:27:20.72 *** UTM:SVC TimerManager:registerTimer - id: telemetry_modules_ping
Nov 15, 2017 17:27:20.72 *** UTM:SVC TimerManager:registerTimer called after profile-before-change notification. Ignoring timer registration for id: telemetry_modules_ping
Nov 15, 2017 17:27:21.53 1510747041534	addons.webextension.jid1-NIfFY2CA8fy1tg@jetpack	WARN	Please specify whether you want browser_style or not in your browser_action options.
Nov 15, 2017 17:40:44.53 Promise resolved after context unloaded
Nov 15, 2017 18:12:46.52 [8700:8737:1115/181246.527128:ERROR:browser_gpu_channel_host_factory.cc(103)] Failed to launch GPU process.
Nov 15, 2017 18:12:46.55 Created new window in existing browser session.
Nov 15, 2017 18:16:53.74 [9078:9115:1115/181653.744862:ERROR:browser_gpu_channel_host_factory.cc(103)] Failed to launch GPU process.
Nov 15, 2017 18:16:53.80 Created new window in existing browser session.
Nov 15, 2017 18:43:17.57 [9841:9878:1115/184317.576969:ERROR:browser_gpu_channel_host_factory.cc(103)] Failed to launch GPU process.
Nov 15, 2017 18:43:17.59 Created new window in existing browser session.
Nov 15, 2017 18:43:43.75 [9933:9970:1115/184343.758640:ERROR:browser_gpu_channel_host_factory.cc(103)] Failed to launch GPU process.
Nov 15, 2017 18:43:43.79 Created new window in existing browser session.
Nov 15, 2017 18:45:15.78 [10230:10267:1115/184515.786104:ERROR:browser_gpu_channel_host_factory.cc(103)] Failed to launch GPU process.
Nov 15, 2017 18:45:15.82 Created new window in existing browser session.

Nov 15, 2017 19:35:09.34 NEW SESSION
Nov 15, 2017 19:35:09.34 [2965:3003:1115/193509.347005:ERROR:browser_gpu_channel_host_factory.cc(103)] Failed to launch GPU process.
Nov 15, 2017 19:35:09.48 Created new window in existing browser session.
Nov 15, 2017 19:39:23.14 [3086:3124:1115/193923.145127:ERROR:browser_gpu_channel_host_factory.cc(103)] Failed to launch GPU process.
Nov 15, 2017 19:39:23.20 Created new window in existing browser session.
